[70553][      debug] Loading models took 73.742ms
[70554][      debug] Sqlite write daemon: starting up
[70554][      debug] Sqlite write daemon: set up complete, waiting for connections
[70553][environment] CWD = /home/vanguard/projects/SAMutator/scripts
[70553][environment] No .inferconfig file found
[70553][environment] Project root = /home/vanguard/projects/SAMutator/scripts
[70553][environment] INFER_ARGS =   @/tmp/args.tmp.cf075e
[70553][environment] command line arguments:   /home/vanguard/bin/infer/bin/infer run -o
[70553][environment]                           /home/vanguard/projects/SAMutator/scripts/infer_output/Escape
[70553][environment]                           -- javac -cp
[70553][environment]                           .:/home/vanguard/projects/SAMutator/tools/Infer_Dependency/javax.inject.jar:/home/vanguard/projects/SAMutator/tools/Infer_Dependency/guava-23.0.jar:/home/vanguard/projects/SAMutator/tools/Infer_Dependency/android-support-v4.jar:/home/vanguard/projects/SAMutator/tools/Infer_Dependency/jsr305-src.jar:/home/vanguard/projects/SAMutator/tools/Infer_Dependency/kotlin-annotations-jvm-1.3.72.jar:/home/vanguard/projects/SAMutator/tools/Infer_Dependency/collection-1.1.0.jar:/home/vanguard/projects/SAMutator/tools/Infer_Dependency/jsr305.jar:/home/vanguard/projects/SAMutator/tools/Infer_Dependency/jackson-2.2.3.jar:/home/vanguard/projects/SAMutator/tools/Infer_Dependency/android-23.jar:/home/vanguard/projects/SAMutator/tools/Infer_Dependency/tools.jar
[70553][environment]                           /home/vanguard/projects/SAMutator/src/test/java/codetoanalyze/java/racerd/Escape.java
[70553][environment] Available memory at startup: 25079 MB
[70553][environment] Active checkers: self-in-block (C/C++/ObjC), starvation (C/C++/ObjC, Java), uninit (C/C++/ObjC), siof (C/C++/ObjC), dotnet-resource-leak (C#/.Net), racerd (C/C++/ObjC, Java), liveness (C/C++/ObjC), inefficient-keyset-iterator (Java), fragment-retains-view (Java), biabduction (C/C++/ObjC, Java, C#/.Net)
[70553][environment] Scheduler: file
[70553][environment] Cores used: 10
[70553][environment] Infer version v1.1.0
[70553][environment] Copyright 2009 - present Facebook. All Rights Reserved.
[70553][environment] 
[70553][   progress] Capturing in javac mode...
[70553][      debug] Current working directory: '/home/vanguard/projects/SAMutator/scripts'
[70553][      debug] Trying to execute: javac '-J-Duser.language=en' '@/home/vanguard/projects/SAMutator/scripts/infer_output/Escape/tmp/javac_args.tmp.8a39e5' 2>'/home/vanguard/projects/SAMutator/scripts/infer_output/Escape/tmp/javac.tmp.1252f9.out'
[70553][      debug] *** Failed: exited with code 1!
[70553][      debug] 
[70553][      debug] Trying to execute: javac '@/home/vanguard/projects/SAMutator/scripts/infer_output/Escape/tmp/javac_args.tmp.8a39e5' 2>'/home/vanguard/projects/SAMutator/scripts/infer_output/Escape/tmp/javac.tmp.1252f9.out'
[70553][   user err] 
*** Failed to execute compilation command: exited with code 1
*** Command: javac '@/home/vanguard/projects/SAMutator/scripts/infer_output/Escape/tmp/javac_args.tmp.8a39e5'
*** Output:
[parsing started SimpleFileObject[/home/vanguard/projects/SAMutator/src/test/java/codetoanalyze/java/racerd/Escape.java]]
[parsing completed 12ms]
[loading /modules/java.transaction.xa/module-info.class]
[loading /modules/jdk.zipfs/module-info.class]
[loading /modules/jdk.management/module-info.class]
[loading /modules/java.xml.crypto/module-info.class]
[loading /modules/jdk.jshell/module-info.class]
[loading /modules/jdk.jsobject/module-info.class]
[loading /modules/java.security.jgss/module-info.class]
[loading /modules/java.rmi/module-info.class]
[loading /modules/jdk.internal.ed/module-info.class]
[loading /modules/jdk.scripting.nashorn.shell/module-info.class]
[loading /modules/jdk.pack/module-info.class]
[loading /modules/java.smartcardio/module-info.class]
[loading /modules/jdk.jfr/module-info.class]
[loading /modules/jdk.internal.opt/module-info.class]
[loading /modules/java.compiler/module-info.class]
[loading /modules/jdk.javadoc/module-info.class]
[loading /modules/jdk.jdeps/module-info.class]
[loading /modules/jdk.unsupported.desktop/module-info.class]
[loading /modules/jdk.jartool/module-info.class]
[loading /modules/jdk.naming.rmi/module-info.class]
[loading /modules/jdk.internal.jvmstat/module-info.class]
[loading /modules/java.logging/module-info.class]
[loading /modules/java.se/module-info.class]
[loading /modules/jdk.crypto.ec/module-info.class]
[loading /modules/jdk.management.jfr/module-info.class]
[loading /modules/jdk.naming.dns/module-info.class]
[loading /modules/jdk.dynalink/module-info.class]
[loading /modules/jdk.xml.dom/module-info.class]
[loading /modules/jdk.jconsole/module-info.class]
[loading /modules/java.management.rmi/module-info.class]
[loading /modules/jdk.attach/module-info.class]
[loading /modules/jdk.internal.vm.compiler.management/module-info.class]
[loading /modules/java.management/module-info.class]
[loading /modules/jdk.charsets/module-info.class]
[loading /modules/java.security.sasl/module-info.class]
[loading /modules/java.sql/module-info.class]
[loading /modules/jdk.jlink/module-info.class]
[loading /modules/jdk.jdi/module-info.class]
[loading /modules/jdk.crypto.cryptoki/module-info.class]
[loading /modules/jdk.jcmd/module-info.class]
[loading /modules/java.base/module-info.class]
[loading /modules/jdk.editpad/module-info.class]
[loading /modules/java.datatransfer/module-info.class]
[loading /modules/jdk.jstatd/module-info.class]
[loading /modules/java.sql.rowset/module-info.class]
[loading /modules/jdk.sctp/module-info.class]
[loading /modules/jdk.aot/module-info.class]
[loading /modules/jdk.naming.ldap/module-info.class]
[loading /modules/jdk.unsupported/module-info.class]
[loading /modules/java.instrument/module-info.class]
[loading /modules/jdk.management.agent/module-info.class]
[loading /modules/jdk.compiler/module-info.class]
[loading /modules/jdk.security.auth/module-info.class]
[loading /modules/jdk.rmic/module-info.class]
[loading /modules/jdk.net/module-info.class]
[loading /modules/jdk.hotspot.agent/module-info.class]
[loading /modules/jdk.internal.le/module-info.class]
[loading /modules/java.scripting/module-info.class]
[loading /modules/jdk.internal.vm.compiler/module-info.class]
[loading /modules/java.xml/module-info.class]
[loading /modules/java.naming/module-info.class]
[loading /modules/java.prefs/module-info.class]
[loading /modules/jdk.httpserver/module-info.class]
[loading /modules/jdk.internal.vm.ci/module-info.class]
[loading /modules/jdk.accessibility/module-info.class]
[loading /modules/jdk.localedata/module-info.class]
[loading /modules/jdk.jdwp.agent/module-info.class]
[loading /modules/jdk.security.jgss/module-info.class]
[loading /modules/java.desktop/module-info.class]
[loading /modules/jdk.scripting.nashorn/module-info.class]
[loading /modules/java.net.http/module-info.class]
[search path for source files: .,/home/vanguard/projects/SAMutator/tools/Infer_Dependency/javax.inject.jar,/home/vanguard/projects/SAMutator/tools/Infer_Dependency/guava-23.0.jar,/home/vanguard/projects/SAMutator/tools/Infer_Dependency/android-support-v4.jar,/home/vanguard/projects/SAMutator/tools/Infer_Dependency/jsr305-src.jar,/home/vanguard/projects/SAMutator/tools/Infer_Dependency/kotlin-annotations-jvm-1.3.72.jar,/home/vanguard/projects/SAMutator/tools/Infer_Dependency/collection-1.1.0.jar,/home/vanguard/projects/SAMutator/tools/Infer_Dependency/jsr305.jar,/home/vanguard/projects/SAMutator/tools/Infer_Dependency/jackson-2.2.3.jar,/home/vanguard/projects/SAMutator/tools/Infer_Dependency/android-23.jar,/home/vanguard/projects/SAMutator/tools/Infer_Dependency/tools.jar]
[search path for class files: /home/vanguard/bin/jdk/jdk-11.0.12/lib/modules,.,/home/vanguard/projects/SAMutator/tools/Infer_Dependency/javax.inject.jar,/home/vanguard/projects/SAMutator/tools/Infer_Dependency/guava-23.0.jar,/home/vanguard/projects/SAMutator/tools/Infer_Dependency/android-support-v4.jar,/home/vanguard/projects/SAMutator/tools/Infer_Dependency/jsr305-src.jar,/home/vanguard/projects/SAMutator/tools/Infer_Dependency/kotlin-annotations-jvm-1.3.72.jar,/home/vanguard/projects/SAMutator/tools/Infer_Dependency/collection-1.1.0.jar,/home/vanguard/projects/SAMutator/tools/Infer_Dependency/jsr305.jar,/home/vanguard/projects/SAMutator/tools/Infer_Dependency/jackson-2.2.3.jar,/home/vanguard/projects/SAMutator/tools/Infer_Dependency/android-23.jar,/home/vanguard/projects/SAMutator/tools/Infer_Dependency/tools.jar]
[loading /home/vanguard/projects/SAMutator/tools/Infer_Dependency/jsr305.jar(/javax/annotation/concurrent/ThreadSafe.class)]
[loading /modules/java.base/java/lang/Object.class]
/home/vanguard/projects/SAMutator/src/test/java/codetoanalyze/java/racerd/Escape.java:15: error: cannot find symbol
  private Obj mField;
          ^
  symbol:   class Obj
  location: class Escape
/home/vanguard/projects/SAMutator/src/test/java/codetoanalyze/java/racerd/Escape.java:16: error: cannot find symbol
  private static Obj sGlobal;
                 ^
  symbol:   class Obj
  location: class Escape
/home/vanguard/projects/SAMutator/src/test/java/codetoanalyze/java/racerd/Escape.java:44: error: cannot find symbol
  public synchronized void escapeInCallee(Obj o) {
                                          ^
  symbol:   class Obj
  location: class Escape
/home/vanguard/projects/SAMutator/src/test/java/codetoanalyze/java/racerd/Escape.java:83: error: cannot find symbol
  public Obj id(Obj o) {
                ^
  symbol:   class Obj
  location: class Escape
/home/vanguard/projects/SAMutator/src/test/java/codetoanalyze/java/racerd/Escape.java:83: error: cannot find symbol
  public Obj id(Obj o) {
         ^
  symbol:   class Obj
  location: class Escape
/home/vanguard/projects/SAMutator/src/test/java/codetoanalyze/java/racerd/Escape.java:103: error: cannot find symbol
  private void twoParamsOneEscapes(Obj o1, Obj o2) {
                                   ^
  symbol:   class Obj
  location: class Escape
/home/vanguard/projects/SAMutator/src/test/java/codetoanalyze/java/racerd/Escape.java:103: error: cannot find symbol
  private void twoParamsOneEscapes(Obj o1, Obj o2) {
                                           ^
  symbol:   class Obj
  location: class Escape
[loading /modules/java.base/java/lang/Deprecated.class]
[loading /modules/java.base/java/lang/annotation/Target.class]
[loading /modules/java.base/java/lang/annotation/ElementType.class]
[loading /modules/java.base/java/lang/annotation/Retention.class]
[loading /modules/java.base/java/lang/annotation/RetentionPolicy.class]
[loading /modules/java.base/java/lang/annotation/Annotation.class]
[checking codetoanalyze.java.racerd.Escape]
[loading /modules/java.base/java/io/Serializable.class]
[loading /modules/java.base/java/lang/AutoCloseable.class]
/home/vanguard/projects/SAMutator/src/test/java/codetoanalyze/java/racerd/Escape.java:29: error: cannot find symbol
    Obj o = new Obj();
    ^
  symbol:   class Obj
  location: class Escape
/home/vanguard/projects/SAMutator/src/test/java/codetoanalyze/java/racerd/Escape.java:29: error: cannot find symbol
    Obj o = new Obj();
                ^
  symbol:   class Obj
  location: class Escape
/home/vanguard/projects/SAMutator/src/test/java/codetoanalyze/java/racerd/Escape.java:37: error: cannot find symbol
    Obj o = new Obj();
    ^
  symbol:   class Obj
  location: class Escape
/home/vanguard/projects/SAMutator/src/test/java/codetoanalyze/java/racerd/Escape.java:37: error: cannot find symbol
    Obj o = new Obj();
                ^
  symbol:   class Obj
  location: class Escape
[loading /modules/java.base/java/lang/Class.class]
/home/vanguard/projects/SAMutator/src/test/java/codetoanalyze/java/racerd/Escape.java:49: error: cannot find symbol
    Obj o = new Obj();
    ^
  symbol:   class Obj
  location: class Escape
/home/vanguard/projects/SAMutator/src/test/java/codetoanalyze/java/racerd/Escape.java:49: error: cannot find symbol
    Obj o = new Obj();
                ^
  symbol:   class Obj
  location: class Escape
/home/vanguard/projects/SAMutator/src/test/java/codetoanalyze/java/racerd/Escape.java:55: error: cannot find symbol
    Obj o = new Obj(); // though there's two pointers to this address, neither escapes
    ^
  symbol:   class Obj
  location: class Escape
/home/vanguard/projects/SAMutator/src/test/java/codetoanalyze/java/racerd/Escape.java:55: error: cannot find symbol
    Obj o = new Obj(); // though there's two pointers to this address, neither escapes
                ^
  symbol:   class Obj
  location: class Escape
/home/vanguard/projects/SAMutator/src/test/java/codetoanalyze/java/racerd/Escape.java:56: error: cannot find symbol
    Obj alias = o;
    ^
  symbol:   class Obj
  location: class Escape
/home/vanguard/projects/SAMutator/src/test/java/codetoanalyze/java/racerd/Escape.java:62: error: cannot find symbol
    Obj o = new Obj();
    ^
  symbol:   class Obj
  location: class Escape
/home/vanguard/projects/SAMutator/src/test/java/codetoanalyze/java/racerd/Escape.java:62: error: cannot find symbol
    Obj o = new Obj();
                ^
  symbol:   class Obj
  location: class Escape
[loading /modules/java.base/java/lang/String.class]
[loading /modules/java.base/java/lang/Byte.class]
[loading /modules/java.base/java/lang/Character.class]
[loading /modules/java.base/java/lang/Short.class]
[loading /modules/java.base/java/lang/Long.class]
[loading /modules/java.base/java/lang/Float.class]
[loading /modules/java.base/java/lang/Integer.class]
[loading /modules/java.base/java/lang/Double.class]
[loading /modules/java.base/java/lang/Boolean.class]
[loading /modules/java.base/java/lang/Void.class]
/home/vanguard/projects/SAMutator/src/test/java/codetoanalyze/java/racerd/Escape.java:68: error: cannot find symbol
    Obj o = new Obj();
    ^
  symbol:   class Obj
  location: class Escape
/home/vanguard/projects/SAMutator/src/test/java/codetoanalyze/java/racerd/Escape.java:68: error: cannot find symbol
    Obj o = new Obj();
                ^
  symbol:   class Obj
  location: class Escape
/home/vanguard/projects/SAMutator/src/test/java/codetoanalyze/java/racerd/Escape.java:69: error: cannot find symbol
    Obj alias = o;
    ^
  symbol:   class Obj
  location: class Escape
/home/vanguard/projects/SAMutator/src/test/java/codetoanalyze/java/racerd/Escape.java:76: error: cannot find symbol
    Obj o = new Obj();
    ^
  symbol:   class Obj
  location: class Escape
/home/vanguard/projects/SAMutator/src/test/java/codetoanalyze/java/racerd/Escape.java:76: error: cannot find symbol
    Obj o = new Obj();
                ^
  symbol:   class Obj
  location: class Escape
/home/vanguard/projects/SAMutator/src/test/java/codetoanalyze/java/racerd/Escape.java:77: error: cannot find symbol
    Obj alias = o;
    ^
  symbol:   class Obj
  location: class Escape
/home/vanguard/projects/SAMutator/src/test/java/codetoanalyze/java/racerd/Escape.java:88: error: cannot find symbol
    Obj o = new Obj();
    ^
  symbol:   class Obj
  location: class Escape
/home/vanguard/projects/SAMutator/src/test/java/codetoanalyze/java/racerd/Escape.java:88: error: cannot find symbol
    Obj o = new Obj();
                ^
  symbol:   class Obj
  location: class Escape
/home/vanguard/projects/SAMutator/src/test/java/codetoanalyze/java/racerd/Escape.java:89: error: cannot find symbol
    Obj alias = id(o);
    ^
  symbol:   class Obj
  location: class Escape
/home/vanguard/projects/SAMutator/src/test/java/codetoanalyze/java/racerd/Escape.java:96: error: cannot find symbol
    Obj o = new Obj();
    ^
  symbol:   class Obj
  location: class Escape
/home/vanguard/projects/SAMutator/src/test/java/codetoanalyze/java/racerd/Escape.java:96: error: cannot find symbol
    Obj o = new Obj();
                ^
  symbol:   class Obj
  location: class Escape
/home/vanguard/projects/SAMutator/src/test/java/codetoanalyze/java/racerd/Escape.java:97: error: cannot find symbol
    Obj alias = id(o);
    ^
  symbol:   class Obj
  location: class Escape
/home/vanguard/projects/SAMutator/src/test/java/codetoanalyze/java/racerd/Escape.java:111: error: cannot find symbol
    Obj o = new Obj();
    ^
  symbol:   class Obj
  location: class Escape
/home/vanguard/projects/SAMutator/src/test/java/codetoanalyze/java/racerd/Escape.java:111: error: cannot find symbol
    Obj o = new Obj();
                ^
  symbol:   class Obj
  location: class Escape
/home/vanguard/projects/SAMutator/src/test/java/codetoanalyze/java/racerd/Escape.java:117: error: cannot find symbol
    Obj o1 = new Obj();
    ^
  symbol:   class Obj
  location: class Escape
/home/vanguard/projects/SAMutator/src/test/java/codetoanalyze/java/racerd/Escape.java:117: error: cannot find symbol
    Obj o1 = new Obj();
                 ^
  symbol:   class Obj
  location: class Escape
/home/vanguard/projects/SAMutator/src/test/java/codetoanalyze/java/racerd/Escape.java:118: error: cannot find symbol
    Obj o2 = new Obj();
    ^
  symbol:   class Obj
  location: class Escape
/home/vanguard/projects/SAMutator/src/test/java/codetoanalyze/java/racerd/Escape.java:118: error: cannot find symbol
    Obj o2 = new Obj();
                 ^
  symbol:   class Obj
  location: class Escape
[checking codetoanalyze.java.racerd.Leaky]
[total 194ms]
36 errors

*** Infer needs a working compilation command to run.

[70553][   user err] Raised at Stdlib__buffer.add_channel in file "buffer.ml", line 273, characters 18-35
Called from Stdio__In_channel.input_all.loop in file "src/in_channel.ml", line 44, characters 4-47
Called from Stdio__In_channel.input_all in file "src/in_channel.ml", line 47, characters 6-13

[70554][      debug] Sqlite write daemon: terminating
