[67459][      debug] Loading models took 66.901ms
[67460][      debug] Sqlite write daemon: starting up
[67460][      debug] Sqlite write daemon: set up complete, waiting for connections
[67459][environment] CWD = /home/vanguard/projects/SAMutator/scripts
[67459][environment] No .inferconfig file found
[67459][environment] Project root = /home/vanguard/projects/SAMutator/scripts
[67459][environment] INFER_ARGS =   @/tmp/args.tmp.8ba302
[67459][environment] command line arguments:   /home/vanguard/bin/infer/bin/infer run -o
[67459][environment]                           /home/vanguard/projects/SAMutator/scripts/infer_output/WebViews
[67459][environment]                           -- javac -cp
[67459][environment]                           .:/home/vanguard/projects/SAMutator/tools/Infer_Dependency/javax.inject.jar:/home/vanguard/projects/SAMutator/tools/Infer_Dependency/guava-23.0.jar:/home/vanguard/projects/SAMutator/tools/Infer_Dependency/android-support-v4.jar:/home/vanguard/projects/SAMutator/tools/Infer_Dependency/jsr305-src.jar:/home/vanguard/projects/SAMutator/tools/Infer_Dependency/kotlin-annotations-jvm-1.3.72.jar:/home/vanguard/projects/SAMutator/tools/Infer_Dependency/collection-1.1.0.jar:/home/vanguard/projects/SAMutator/tools/Infer_Dependency/jsr305.jar:/home/vanguard/projects/SAMutator/tools/Infer_Dependency/jackson-2.2.3.jar:/home/vanguard/projects/SAMutator/tools/Infer_Dependency/android-23.jar:/home/vanguard/projects/SAMutator/tools/Infer_Dependency/tools.jar
[67459][environment]                           /home/vanguard/projects/SAMutator/src/test/java/codetoanalyze/java/quandary/WebViews.java
[67459][environment] Available memory at startup: 25091 MB
[67459][environment] Active checkers: self-in-block (C/C++/ObjC), starvation (C/C++/ObjC, Java), uninit (C/C++/ObjC), siof (C/C++/ObjC), dotnet-resource-leak (C#/.Net), racerd (C/C++/ObjC, Java), liveness (C/C++/ObjC), inefficient-keyset-iterator (Java), fragment-retains-view (Java), biabduction (C/C++/ObjC, Java, C#/.Net)
[67459][environment] Scheduler: file
[67459][environment] Cores used: 10
[67459][environment] Infer version v1.1.0
[67459][environment] Copyright 2009 - present Facebook. All Rights Reserved.
[67459][environment] 
[67459][   progress] Capturing in javac mode...
[67459][      debug] Current working directory: '/home/vanguard/projects/SAMutator/scripts'
[67459][      debug] Trying to execute: javac '-J-Duser.language=en' '@/home/vanguard/projects/SAMutator/scripts/infer_output/WebViews/tmp/javac_args.tmp.d3b530' 2>'/home/vanguard/projects/SAMutator/scripts/infer_output/WebViews/tmp/javac.tmp.4c1a4f.out'
[67459][      debug] *** Failed: exited with code 1!
[67459][      debug] 
[67459][      debug] Trying to execute: javac '@/home/vanguard/projects/SAMutator/scripts/infer_output/WebViews/tmp/javac_args.tmp.d3b530' 2>'/home/vanguard/projects/SAMutator/scripts/infer_output/WebViews/tmp/javac.tmp.4c1a4f.out'
[67459][   user err] 
*** Failed to execute compilation command: exited with code 1
*** Command: javac '@/home/vanguard/projects/SAMutator/scripts/infer_output/WebViews/tmp/javac_args.tmp.d3b530'
*** Output:
[parsing started SimpleFileObject[/home/vanguard/projects/SAMutator/src/test/java/codetoanalyze/java/quandary/WebViews.java]]
[parsing completed 12ms]
[loading /modules/jdk.naming.ldap/module-info.class]
[loading /modules/jdk.xml.dom/module-info.class]
[loading /modules/jdk.charsets/module-info.class]
[loading /modules/jdk.net/module-info.class]
[loading /modules/jdk.security.auth/module-info.class]
[loading /modules/jdk.jdeps/module-info.class]
[loading /modules/jdk.accessibility/module-info.class]
[loading /modules/java.security.jgss/module-info.class]
[loading /modules/jdk.zipfs/module-info.class]
[loading /modules/jdk.compiler/module-info.class]
[loading /modules/jdk.internal.ed/module-info.class]
[loading /modules/jdk.pack/module-info.class]
[loading /modules/jdk.sctp/module-info.class]
[loading /modules/jdk.dynalink/module-info.class]
[loading /modules/jdk.jconsole/module-info.class]
[loading /modules/jdk.jsobject/module-info.class]
[loading /modules/jdk.jdi/module-info.class]
[loading /modules/jdk.jlink/module-info.class]
[loading /modules/jdk.internal.jvmstat/module-info.class]
[loading /modules/java.transaction.xa/module-info.class]
[loading /modules/java.net.http/module-info.class]
[loading /modules/java.compiler/module-info.class]
[loading /modules/java.management.rmi/module-info.class]
[loading /modules/java.desktop/module-info.class]
[loading /modules/jdk.naming.dns/module-info.class]
[loading /modules/jdk.jdwp.agent/module-info.class]
[loading /modules/jdk.management/module-info.class]
[loading /modules/jdk.management.agent/module-info.class]
[loading /modules/java.se/module-info.class]
[loading /modules/jdk.internal.vm.ci/module-info.class]
[loading /modules/jdk.javadoc/module-info.class]
[loading /modules/java.security.sasl/module-info.class]
[loading /modules/jdk.crypto.ec/module-info.class]
[loading /modules/java.rmi/module-info.class]
[loading /modules/jdk.naming.rmi/module-info.class]
[loading /modules/jdk.jshell/module-info.class]
[loading /modules/jdk.rmic/module-info.class]
[loading /modules/jdk.localedata/module-info.class]
[loading /modules/java.sql.rowset/module-info.class]
[loading /modules/java.xml.crypto/module-info.class]
[loading /modules/jdk.internal.vm.compiler/module-info.class]
[loading /modules/java.scripting/module-info.class]
[loading /modules/java.base/module-info.class]
[loading /modules/jdk.management.jfr/module-info.class]
[loading /modules/jdk.hotspot.agent/module-info.class]
[loading /modules/jdk.jartool/module-info.class]
[loading /modules/jdk.jcmd/module-info.class]
[loading /modules/java.datatransfer/module-info.class]
[loading /modules/jdk.internal.vm.compiler.management/module-info.class]
[loading /modules/jdk.crypto.cryptoki/module-info.class]
[loading /modules/java.sql/module-info.class]
[loading /modules/jdk.scripting.nashorn/module-info.class]
[loading /modules/jdk.attach/module-info.class]
[loading /modules/jdk.httpserver/module-info.class]
[loading /modules/java.smartcardio/module-info.class]
[loading /modules/java.instrument/module-info.class]
[loading /modules/jdk.unsupported/module-info.class]
[loading /modules/jdk.unsupported.desktop/module-info.class]
[loading /modules/java.naming/module-info.class]
[loading /modules/jdk.internal.opt/module-info.class]
[loading /modules/jdk.security.jgss/module-info.class]
[loading /modules/java.logging/module-info.class]
[loading /modules/java.management/module-info.class]
[loading /modules/jdk.jstatd/module-info.class]
[loading /modules/jdk.internal.le/module-info.class]
[loading /modules/java.xml/module-info.class]
[loading /modules/java.prefs/module-info.class]
[loading /modules/jdk.editpad/module-info.class]
[loading /modules/jdk.scripting.nashorn.shell/module-info.class]
[loading /modules/jdk.jfr/module-info.class]
[loading /modules/jdk.aot/module-info.class]
[search path for source files: .,/home/vanguard/projects/SAMutator/tools/Infer_Dependency/javax.inject.jar,/home/vanguard/projects/SAMutator/tools/Infer_Dependency/guava-23.0.jar,/home/vanguard/projects/SAMutator/tools/Infer_Dependency/android-support-v4.jar,/home/vanguard/projects/SAMutator/tools/Infer_Dependency/jsr305-src.jar,/home/vanguard/projects/SAMutator/tools/Infer_Dependency/kotlin-annotations-jvm-1.3.72.jar,/home/vanguard/projects/SAMutator/tools/Infer_Dependency/collection-1.1.0.jar,/home/vanguard/projects/SAMutator/tools/Infer_Dependency/jsr305.jar,/home/vanguard/projects/SAMutator/tools/Infer_Dependency/jackson-2.2.3.jar,/home/vanguard/projects/SAMutator/tools/Infer_Dependency/android-23.jar,/home/vanguard/projects/SAMutator/tools/Infer_Dependency/tools.jar]
[search path for class files: /home/vanguard/bin/jdk/jdk-11.0.12/lib/modules,.,/home/vanguard/projects/SAMutator/tools/Infer_Dependency/javax.inject.jar,/home/vanguard/projects/SAMutator/tools/Infer_Dependency/guava-23.0.jar,/home/vanguard/projects/SAMutator/tools/Infer_Dependency/android-support-v4.jar,/home/vanguard/projects/SAMutator/tools/Infer_Dependency/jsr305-src.jar,/home/vanguard/projects/SAMutator/tools/Infer_Dependency/kotlin-annotations-jvm-1.3.72.jar,/home/vanguard/projects/SAMutator/tools/Infer_Dependency/collection-1.1.0.jar,/home/vanguard/projects/SAMutator/tools/Infer_Dependency/jsr305.jar,/home/vanguard/projects/SAMutator/tools/Infer_Dependency/jackson-2.2.3.jar,/home/vanguard/projects/SAMutator/tools/Infer_Dependency/android-23.jar,/home/vanguard/projects/SAMutator/tools/Infer_Dependency/tools.jar]
[loading /home/vanguard/projects/SAMutator/tools/Infer_Dependency/android-23.jar(/android/app/Activity.class)]
[loading /home/vanguard/projects/SAMutator/tools/Infer_Dependency/android-23.jar(/android/content/Context.class)]
[loading /home/vanguard/projects/SAMutator/tools/Infer_Dependency/android-23.jar(/android/content/Intent.class)]
[loading /home/vanguard/projects/SAMutator/tools/Infer_Dependency/android-23.jar(/android/net/Uri.class)]
[loading /home/vanguard/projects/SAMutator/tools/Infer_Dependency/android-23.jar(/android/webkit/JavascriptInterface.class)]
[loading /home/vanguard/projects/SAMutator/tools/Infer_Dependency/android-23.jar(/android/webkit/JsPromptResult.class)]
[loading /home/vanguard/projects/SAMutator/tools/Infer_Dependency/android-23.jar(/android/webkit/JsResult.class)]
[loading /home/vanguard/projects/SAMutator/tools/Infer_Dependency/android-23.jar(/android/webkit/WebChromeClient.class)]
[loading /home/vanguard/projects/SAMutator/tools/Infer_Dependency/android-23.jar(/android/webkit/WebResourceRequest.class)]
[loading /home/vanguard/projects/SAMutator/tools/Infer_Dependency/android-23.jar(/android/webkit/WebResourceResponse.class)]
[loading /home/vanguard/projects/SAMutator/tools/Infer_Dependency/android-23.jar(/android/webkit/WebView.class)]
[loading /home/vanguard/projects/SAMutator/tools/Infer_Dependency/android-23.jar(/android/webkit/WebViewClient.class)]
/home/vanguard/projects/SAMutator/src/test/java/codetoanalyze/java/quandary/WebViews.java:15: error: cannot find symbol
import codetoanalyze.java.InferTaint;
                         ^
  symbol:   class InferTaint
  location: package codetoanalyze.java
[loading /modules/java.base/java/io/File.class]
[loading /modules/java.base/java/net/URISyntaxException.class]
[loading /modules/java.base/java/lang/Object.class]
[loading /home/vanguard/projects/SAMutator/tools/Infer_Dependency/android-23.jar(/android/view/ViewTreeObserver.class)]
[loading /home/vanguard/projects/SAMutator/tools/Infer_Dependency/android-23.jar(/android/view/ViewTreeObserver$OnGlobalFocusChangeListener.class)]
[loading /home/vanguard/projects/SAMutator/tools/Infer_Dependency/android-23.jar(/android/view/ViewGroup.class)]
[loading /home/vanguard/projects/SAMutator/tools/Infer_Dependency/android-23.jar(/android/view/ViewGroup$OnHierarchyChangeListener.class)]
[loading /home/vanguard/projects/SAMutator/tools/Infer_Dependency/android-23.jar(/android/view/ViewParent.class)]
[loading /home/vanguard/projects/SAMutator/tools/Infer_Dependency/android-23.jar(/android/view/ViewManager.class)]
[loading /home/vanguard/projects/SAMutator/tools/Infer_Dependency/android-23.jar(/android/view/View.class)]
[loading /home/vanguard/projects/SAMutator/tools/Infer_Dependency/android-23.jar(/android/graphics/drawable/Drawable.class)]
[loading /home/vanguard/projects/SAMutator/tools/Infer_Dependency/android-23.jar(/android/graphics/drawable/Drawable$Callback.class)]
[loading /home/vanguard/projects/SAMutator/tools/Infer_Dependency/android-23.jar(/android/view/KeyEvent.class)]
[loading /home/vanguard/projects/SAMutator/tools/Infer_Dependency/android-23.jar(/android/view/KeyEvent$Callback.class)]
[loading /home/vanguard/projects/SAMutator/tools/Infer_Dependency/android-23.jar(/android/os/Parcelable.class)]
[loading /home/vanguard/projects/SAMutator/tools/Infer_Dependency/android-23.jar(/android/view/InputEvent.class)]
[loading /home/vanguard/projects/SAMutator/tools/Infer_Dependency/android-23.jar(/android/view/accessibility/AccessibilityEventSource.class)]
[loading /home/vanguard/projects/SAMutator/tools/Infer_Dependency/android-23.jar(/android/widget/AbsoluteLayout.class)]
[loading /modules/java.base/java/lang/String.class]
[loading /modules/java.base/java/lang/Deprecated.class]
[loading /home/vanguard/projects/SAMutator/tools/Infer_Dependency/android-23.jar(/android/view/ViewDebug.class)]
[loading /home/vanguard/projects/SAMutator/tools/Infer_Dependency/android-23.jar(/android/view/ViewDebug$ExportedProperty.class)]
[loading /modules/java.base/java/lang/annotation/Retention.class]
[loading /modules/java.base/java/lang/annotation/RetentionPolicy.class]
[loading /modules/java.base/java/lang/annotation/Target.class]
[loading /modules/java.base/java/lang/annotation/ElementType.class]
[loading /home/vanguard/projects/SAMutator/tools/Infer_Dependency/android-23.jar(/android/view/ViewDebug$IntToString.class)]
[loading /home/vanguard/projects/SAMutator/tools/Infer_Dependency/android-23.jar(/android/view/ViewDebug$FlagToString.class)]
[loading /modules/java.base/java/lang/Override.class]
[loading /modules/java.base/java/lang/annotation/Annotation.class]
[checking codetoanalyze.java.quandary.WebViews]
[loading /modules/java.base/java/io/Serializable.class]
[loading /modules/java.base/java/lang/AutoCloseable.class]
/home/vanguard/projects/SAMutator/src/test/java/codetoanalyze/java/quandary/WebViews.java:23: error: cannot find symbol
        String stringSource = (String) InferTaint.inferSecretSource();
                                       ^
  symbol:   variable InferTaint
  location: class WebViews
[loading /home/vanguard/projects/SAMutator/tools/Infer_Dependency/android-23.jar(/android/webkit/ValueCallback.class)]
/home/vanguard/projects/SAMutator/src/test/java/codetoanalyze/java/quandary/WebViews.java:30: error: cannot find symbol
        webview.postWebMessage(null, (Uri) InferTaint.inferSecretSource());
                                           ^
  symbol:   variable InferTaint
  location: class WebViews
[loading /modules/java.base/java/lang/Cloneable.class]
[loading /home/vanguard/projects/SAMutator/tools/Infer_Dependency/android-23.jar(/android/view/LayoutInflater.class)]
[loading /home/vanguard/projects/SAMutator/tools/Infer_Dependency/android-23.jar(/android/view/LayoutInflater$Factory2.class)]
[loading /home/vanguard/projects/SAMutator/tools/Infer_Dependency/android-23.jar(/android/view/LayoutInflater$Factory.class)]
[loading /home/vanguard/projects/SAMutator/tools/Infer_Dependency/android-23.jar(/android/view/Window.class)]
[loading /home/vanguard/projects/SAMutator/tools/Infer_Dependency/android-23.jar(/android/view/Window$Callback.class)]
[loading /home/vanguard/projects/SAMutator/tools/Infer_Dependency/android-23.jar(/android/view/View$OnCreateContextMenuListener.class)]
[loading /home/vanguard/projects/SAMutator/tools/Infer_Dependency/android-23.jar(/android/content/ComponentCallbacks2.class)]
[loading /home/vanguard/projects/SAMutator/tools/Infer_Dependency/android-23.jar(/android/content/ComponentCallbacks.class)]
[loading /home/vanguard/projects/SAMutator/tools/Infer_Dependency/android-23.jar(/android/view/ContextThemeWrapper.class)]
[loading /home/vanguard/projects/SAMutator/tools/Infer_Dependency/android-23.jar(/android/content/ContextWrapper.class)]
[loading /modules/java.base/java/lang/Exception.class]
[loading /modules/java.base/java/lang/Throwable.class]
[loading /modules/java.base/java/lang/Comparable.class]
[loading /modules/java.base/java/net/URI.class]
/home/vanguard/projects/SAMutator/src/test/java/codetoanalyze/java/quandary/WebViews.java:118: error: cannot find symbol
        String stringSource = (String) InferTaint.inferSecretSource();
                                       ^
  symbol:   variable InferTaint
  location: class WebViews
/home/vanguard/projects/SAMutator/src/test/java/codetoanalyze/java/quandary/WebViews.java:125: error: cannot find symbol
            return InferTaint.inferSecretSource();
                   ^
  symbol:   variable InferTaint
  location: class WebViews.JsObject
[total 213ms]
5 errors

*** Infer needs a working compilation command to run.

[67459][   user err] Raised at Stdlib__buffer.add_channel in file "buffer.ml", line 273, characters 18-35
Called from Stdio__In_channel.input_all.loop in file "src/in_channel.ml", line 44, characters 4-47
Called from Stdio__In_channel.input_all in file "src/in_channel.ml", line 47, characters 6-13

[67460][      debug] Sqlite write daemon: terminating
