[67783][      debug] Loading models took 66.091ms
[67784][      debug] Sqlite write daemon: starting up
[67784][      debug] Sqlite write daemon: set up complete, waiting for connections
[67783][environment] CWD = /home/vanguard/projects/SAMutator/scripts
[67783][environment] No .inferconfig file found
[67783][environment] Project root = /home/vanguard/projects/SAMutator/scripts
[67783][environment] INFER_ARGS =   @/tmp/args.tmp.ef4b0a
[67783][environment] command line arguments:   /home/vanguard/bin/infer/bin/infer run -o
[67783][environment]                           /home/vanguard/projects/SAMutator/scripts/infer_output/Fields
[67783][environment]                           -- javac -cp
[67783][environment]                           .:/home/vanguard/projects/SAMutator/tools/Infer_Dependency/javax.inject.jar:/home/vanguard/projects/SAMutator/tools/Infer_Dependency/guava-23.0.jar:/home/vanguard/projects/SAMutator/tools/Infer_Dependency/android-support-v4.jar:/home/vanguard/projects/SAMutator/tools/Infer_Dependency/jsr305-src.jar:/home/vanguard/projects/SAMutator/tools/Infer_Dependency/kotlin-annotations-jvm-1.3.72.jar:/home/vanguard/projects/SAMutator/tools/Infer_Dependency/collection-1.1.0.jar:/home/vanguard/projects/SAMutator/tools/Infer_Dependency/jsr305.jar:/home/vanguard/projects/SAMutator/tools/Infer_Dependency/jackson-2.2.3.jar:/home/vanguard/projects/SAMutator/tools/Infer_Dependency/android-23.jar:/home/vanguard/projects/SAMutator/tools/Infer_Dependency/tools.jar
[67783][environment]                           /home/vanguard/projects/SAMutator/src/test/java/codetoanalyze/java/quandary/Fields.java
[67783][environment] Available memory at startup: 25093 MB
[67783][environment] Active checkers: self-in-block (C/C++/ObjC), starvation (C/C++/ObjC, Java), uninit (C/C++/ObjC), siof (C/C++/ObjC), dotnet-resource-leak (C#/.Net), racerd (C/C++/ObjC, Java), liveness (C/C++/ObjC), inefficient-keyset-iterator (Java), fragment-retains-view (Java), biabduction (C/C++/ObjC, Java, C#/.Net)
[67783][environment] Scheduler: file
[67783][environment] Cores used: 10
[67783][environment] Infer version v1.1.0
[67783][environment] Copyright 2009 - present Facebook. All Rights Reserved.
[67783][environment] 
[67783][   progress] Capturing in javac mode...
[67783][      debug] Current working directory: '/home/vanguard/projects/SAMutator/scripts'
[67783][      debug] Trying to execute: javac '-J-Duser.language=en' '@/home/vanguard/projects/SAMutator/scripts/infer_output/Fields/tmp/javac_args.tmp.d02133' 2>'/home/vanguard/projects/SAMutator/scripts/infer_output/Fields/tmp/javac.tmp.a6193e.out'
[67783][      debug] *** Failed: exited with code 1!
[67783][      debug] 
[67783][      debug] Trying to execute: javac '@/home/vanguard/projects/SAMutator/scripts/infer_output/Fields/tmp/javac_args.tmp.d02133' 2>'/home/vanguard/projects/SAMutator/scripts/infer_output/Fields/tmp/javac.tmp.a6193e.out'
[67783][   user err] 
*** Failed to execute compilation command: exited with code 1
*** Command: javac '@/home/vanguard/projects/SAMutator/scripts/infer_output/Fields/tmp/javac_args.tmp.d02133'
*** Output:
[parsing started SimpleFileObject[/home/vanguard/projects/SAMutator/src/test/java/codetoanalyze/java/quandary/Fields.java]]
[parsing completed 11ms]
[loading /modules/java.management/module-info.class]
[loading /modules/java.prefs/module-info.class]
[loading /modules/jdk.hotspot.agent/module-info.class]
[loading /modules/java.desktop/module-info.class]
[loading /modules/jdk.jshell/module-info.class]
[loading /modules/jdk.dynalink/module-info.class]
[loading /modules/java.security.sasl/module-info.class]
[loading /modules/jdk.pack/module-info.class]
[loading /modules/java.sql.rowset/module-info.class]
[loading /modules/jdk.internal.vm.compiler.management/module-info.class]
[loading /modules/jdk.jdi/module-info.class]
[loading /modules/jdk.editpad/module-info.class]
[loading /modules/java.logging/module-info.class]
[loading /modules/jdk.unsupported/module-info.class]
[loading /modules/jdk.naming.ldap/module-info.class]
[loading /modules/jdk.security.auth/module-info.class]
[loading /modules/jdk.internal.vm.ci/module-info.class]
[loading /modules/java.xml.crypto/module-info.class]
[loading /modules/java.naming/module-info.class]
[loading /modules/jdk.httpserver/module-info.class]
[loading /modules/java.scripting/module-info.class]
[loading /modules/jdk.zipfs/module-info.class]
[loading /modules/jdk.jlink/module-info.class]
[loading /modules/jdk.jdeps/module-info.class]
[loading /modules/jdk.crypto.cryptoki/module-info.class]
[loading /modules/jdk.crypto.ec/module-info.class]
[loading /modules/jdk.jcmd/module-info.class]
[loading /modules/jdk.attach/module-info.class]
[loading /modules/jdk.unsupported.desktop/module-info.class]
[loading /modules/java.se/module-info.class]
[loading /modules/jdk.internal.ed/module-info.class]
[loading /modules/java.compiler/module-info.class]
[loading /modules/jdk.jsobject/module-info.class]
[loading /modules/jdk.charsets/module-info.class]
[loading /modules/jdk.jfr/module-info.class]
[loading /modules/jdk.internal.vm.compiler/module-info.class]
[loading /modules/java.management.rmi/module-info.class]
[loading /modules/jdk.jconsole/module-info.class]
[loading /modules/java.security.jgss/module-info.class]
[loading /modules/jdk.jartool/module-info.class]
[loading /modules/jdk.jstatd/module-info.class]
[loading /modules/jdk.naming.dns/module-info.class]
[loading /modules/java.base/module-info.class]
[loading /modules/jdk.internal.opt/module-info.class]
[loading /modules/jdk.javadoc/module-info.class]
[loading /modules/jdk.scripting.nashorn/module-info.class]
[loading /modules/jdk.internal.le/module-info.class]
[loading /modules/java.net.http/module-info.class]
[loading /modules/jdk.internal.jvmstat/module-info.class]
[loading /modules/java.datatransfer/module-info.class]
[loading /modules/jdk.scripting.nashorn.shell/module-info.class]
[loading /modules/java.rmi/module-info.class]
[loading /modules/jdk.rmic/module-info.class]
[loading /modules/jdk.management.jfr/module-info.class]
[loading /modules/jdk.jdwp.agent/module-info.class]
[loading /modules/jdk.accessibility/module-info.class]
[loading /modules/jdk.management.agent/module-info.class]
[loading /modules/jdk.sctp/module-info.class]
[loading /modules/java.sql/module-info.class]
[loading /modules/jdk.management/module-info.class]
[loading /modules/jdk.naming.rmi/module-info.class]
[loading /modules/java.xml/module-info.class]
[loading /modules/jdk.xml.dom/module-info.class]
[loading /modules/jdk.compiler/module-info.class]
[loading /modules/jdk.net/module-info.class]
[loading /modules/jdk.localedata/module-info.class]
[loading /modules/jdk.security.jgss/module-info.class]
[loading /modules/java.transaction.xa/module-info.class]
[loading /modules/java.instrument/module-info.class]
[loading /modules/java.smartcardio/module-info.class]
[loading /modules/jdk.aot/module-info.class]
[search path for source files: .,/home/vanguard/projects/SAMutator/tools/Infer_Dependency/javax.inject.jar,/home/vanguard/projects/SAMutator/tools/Infer_Dependency/guava-23.0.jar,/home/vanguard/projects/SAMutator/tools/Infer_Dependency/android-support-v4.jar,/home/vanguard/projects/SAMutator/tools/Infer_Dependency/jsr305-src.jar,/home/vanguard/projects/SAMutator/tools/Infer_Dependency/kotlin-annotations-jvm-1.3.72.jar,/home/vanguard/projects/SAMutator/tools/Infer_Dependency/collection-1.1.0.jar,/home/vanguard/projects/SAMutator/tools/Infer_Dependency/jsr305.jar,/home/vanguard/projects/SAMutator/tools/Infer_Dependency/jackson-2.2.3.jar,/home/vanguard/projects/SAMutator/tools/Infer_Dependency/android-23.jar,/home/vanguard/projects/SAMutator/tools/Infer_Dependency/tools.jar]
[search path for class files: /home/vanguard/bin/jdk/jdk-11.0.12/lib/modules,.,/home/vanguard/projects/SAMutator/tools/Infer_Dependency/javax.inject.jar,/home/vanguard/projects/SAMutator/tools/Infer_Dependency/guava-23.0.jar,/home/vanguard/projects/SAMutator/tools/Infer_Dependency/android-support-v4.jar,/home/vanguard/projects/SAMutator/tools/Infer_Dependency/jsr305-src.jar,/home/vanguard/projects/SAMutator/tools/Infer_Dependency/kotlin-annotations-jvm-1.3.72.jar,/home/vanguard/projects/SAMutator/tools/Infer_Dependency/collection-1.1.0.jar,/home/vanguard/projects/SAMutator/tools/Infer_Dependency/jsr305.jar,/home/vanguard/projects/SAMutator/tools/Infer_Dependency/jackson-2.2.3.jar,/home/vanguard/projects/SAMutator/tools/Infer_Dependency/android-23.jar,/home/vanguard/projects/SAMutator/tools/Infer_Dependency/tools.jar]
/home/vanguard/projects/SAMutator/src/test/java/codetoanalyze/java/quandary/Fields.java:10: error: cannot find symbol
import codetoanalyze.java.InferTaint;
                         ^
  symbol:   class InferTaint
  location: package codetoanalyze.java
[loading /modules/java.base/java/lang/Object.class]
[loading /modules/java.base/java/lang/Deprecated.class]
[loading /modules/java.base/java/lang/annotation/Retention.class]
[loading /modules/java.base/java/lang/annotation/RetentionPolicy.class]
[loading /modules/java.base/java/lang/annotation/Target.class]
[loading /modules/java.base/java/lang/annotation/ElementType.class]
[checking codetoanalyze.java.quandary.Fields]
[loading /modules/java.base/java/io/Serializable.class]
[loading /modules/java.base/java/lang/AutoCloseable.class]
/home/vanguard/projects/SAMutator/src/test/java/codetoanalyze/java/quandary/Fields.java:24: error: cannot find symbol
    this.mFld = InferTaint.inferSecretSource();
                ^
  symbol:   variable InferTaint
  location: class Fields
/home/vanguard/projects/SAMutator/src/test/java/codetoanalyze/java/quandary/Fields.java:25: error: cannot find symbol
    InferTaint.inferSensitiveSink(this.mFld);
    ^
  symbol:   variable InferTaint
  location: class Fields
/home/vanguard/projects/SAMutator/src/test/java/codetoanalyze/java/quandary/Fields.java:29: error: cannot find symbol
    sFld = InferTaint.inferSecretSource();
           ^
  symbol:   variable InferTaint
  location: class Fields
/home/vanguard/projects/SAMutator/src/test/java/codetoanalyze/java/quandary/Fields.java:30: error: cannot find symbol
    InferTaint.inferSensitiveSink(sFld);
    ^
  symbol:   variable InferTaint
  location: class Fields
/home/vanguard/projects/SAMutator/src/test/java/codetoanalyze/java/quandary/Fields.java:34: error: cannot find symbol
    obj.f = InferTaint.inferSecretSource();
            ^
  symbol:   variable InferTaint
  location: class Fields
/home/vanguard/projects/SAMutator/src/test/java/codetoanalyze/java/quandary/Fields.java:35: error: cannot find symbol
    InferTaint.inferSensitiveSink(obj.f);
    ^
  symbol:   variable InferTaint
  location: class Fields
/home/vanguard/projects/SAMutator/src/test/java/codetoanalyze/java/quandary/Fields.java:40: error: cannot find symbol
    obj.f = InferTaint.inferSecretSource();
            ^
  symbol:   variable InferTaint
  location: class Fields
/home/vanguard/projects/SAMutator/src/test/java/codetoanalyze/java/quandary/Fields.java:41: error: cannot find symbol
    InferTaint.inferSensitiveSink(obj.f);
    ^
  symbol:   variable InferTaint
  location: class Fields
/home/vanguard/projects/SAMutator/src/test/java/codetoanalyze/java/quandary/Fields.java:46: error: cannot find symbol
    obj.f = InferTaint.inferSecretSource();
            ^
  symbol:   variable InferTaint
  location: class Fields
/home/vanguard/projects/SAMutator/src/test/java/codetoanalyze/java/quandary/Fields.java:48: error: cannot find symbol
    InferTaint.inferSensitiveSink(src);
    ^
  symbol:   variable InferTaint
  location: class Fields
/home/vanguard/projects/SAMutator/src/test/java/codetoanalyze/java/quandary/Fields.java:52: error: cannot find symbol
    obj.g.f = InferTaint.inferSecretSource();
              ^
  symbol:   variable InferTaint
  location: class Fields
/home/vanguard/projects/SAMutator/src/test/java/codetoanalyze/java/quandary/Fields.java:53: error: cannot find symbol
    InferTaint.inferSensitiveSink(obj.g.f);
    ^
  symbol:   variable InferTaint
  location: class Fields
/home/vanguard/projects/SAMutator/src/test/java/codetoanalyze/java/quandary/Fields.java:59: error: cannot find symbol
    obj.g.f = InferTaint.inferSecretSource();
              ^
  symbol:   variable InferTaint
  location: class Fields
/home/vanguard/projects/SAMutator/src/test/java/codetoanalyze/java/quandary/Fields.java:60: error: cannot find symbol
    InferTaint.inferSensitiveSink(obj.g.f);
    ^
  symbol:   variable InferTaint
  location: class Fields
/home/vanguard/projects/SAMutator/src/test/java/codetoanalyze/java/quandary/Fields.java:66: error: cannot find symbol
    obj.f = InferTaint.inferSecretSource();
            ^
  symbol:   variable InferTaint
  location: class Fields
/home/vanguard/projects/SAMutator/src/test/java/codetoanalyze/java/quandary/Fields.java:68: error: cannot find symbol
    InferTaint.inferSensitiveSink(obj.g);
    ^
  symbol:   variable InferTaint
  location: class Fields
/home/vanguard/projects/SAMutator/src/test/java/codetoanalyze/java/quandary/Fields.java:73: error: cannot find symbol
    obj.f = InferTaint.inferSecretSource();
            ^
  symbol:   variable InferTaint
  location: class Fields
/home/vanguard/projects/SAMutator/src/test/java/codetoanalyze/java/quandary/Fields.java:75: error: cannot find symbol
    InferTaint.inferSensitiveSink(obj.f);
    ^
  symbol:   variable InferTaint
  location: class Fields
/home/vanguard/projects/SAMutator/src/test/java/codetoanalyze/java/quandary/Fields.java:79: error: cannot find symbol
    obj.g.f = InferTaint.inferSecretSource();
              ^
  symbol:   variable InferTaint
  location: class Fields
/home/vanguard/projects/SAMutator/src/test/java/codetoanalyze/java/quandary/Fields.java:81: error: cannot find symbol
    InferTaint.inferSensitiveSink(obj.g.f);
    ^
  symbol:   variable InferTaint
  location: class Fields
/home/vanguard/projects/SAMutator/src/test/java/codetoanalyze/java/quandary/Fields.java:87: error: cannot find symbol
    obj.g.f = InferTaint.inferSecretSource();
              ^
  symbol:   variable InferTaint
  location: class Fields
/home/vanguard/projects/SAMutator/src/test/java/codetoanalyze/java/quandary/Fields.java:89: error: cannot find symbol
    InferTaint.inferSensitiveSink(obj.g.f);
    ^
  symbol:   variable InferTaint
  location: class Fields
/home/vanguard/projects/SAMutator/src/test/java/codetoanalyze/java/quandary/Fields.java:99: error: cannot find symbol
    obj2.f = InferTaint.inferSecretSource();
             ^
  symbol:   variable InferTaint
  location: class Fields
/home/vanguard/projects/SAMutator/src/test/java/codetoanalyze/java/quandary/Fields.java:100: error: cannot find symbol
    InferTaint.inferSensitiveSink(obj1.f);
    ^
  symbol:   variable InferTaint
  location: class Fields
/home/vanguard/projects/SAMutator/src/test/java/codetoanalyze/java/quandary/Fields.java:105: error: cannot find symbol
    x.f = InferTaint.inferSecretSource();
          ^
  symbol:   variable InferTaint
  location: class Fields
/home/vanguard/projects/SAMutator/src/test/java/codetoanalyze/java/quandary/Fields.java:106: error: cannot find symbol
    InferTaint.inferSensitiveSink(obj.g.f);
    ^
  symbol:   variable InferTaint
  location: class Fields
/home/vanguard/projects/SAMutator/src/test/java/codetoanalyze/java/quandary/Fields.java:114: error: cannot find symbol
      loopObj.f = InferTaint.inferSecretSource();
                  ^
  symbol:   variable InferTaint
  location: class Fields
/home/vanguard/projects/SAMutator/src/test/java/codetoanalyze/java/quandary/Fields.java:118: error: cannot find symbol
    InferTaint.inferSensitiveSink(obj.g.g.f);
    ^
  symbol:   variable InferTaint
  location: class Fields
[total 170ms]
29 errors

*** Infer needs a working compilation command to run.

[67783][   user err] Raised at Stdlib__buffer.add_channel in file "buffer.ml", line 273, characters 18-35
Called from Stdio__In_channel.input_all.loop in file "src/in_channel.ml", line 44, characters 4-47
Called from Stdio__In_channel.input_all in file "src/in_channel.ml", line 47, characters 6-13

[67784][      debug] Sqlite write daemon: terminating
