[67848][      debug] Loading models took 65.471ms
[67849][      debug] Sqlite write daemon: starting up
[67849][      debug] Sqlite write daemon: set up complete, waiting for connections
[67848][environment] CWD = /home/vanguard/projects/SAMutator/scripts
[67848][environment] No .inferconfig file found
[67848][environment] Project root = /home/vanguard/projects/SAMutator/scripts
[67848][environment] INFER_ARGS =   @/tmp/args.tmp.4dfcdf
[67848][environment] command line arguments:   /home/vanguard/bin/infer/bin/infer run -o
[67848][environment]                           /home/vanguard/projects/SAMutator/scripts/infer_output/Interprocedural
[67848][environment]                           -- javac -cp
[67848][environment]                           .:/home/vanguard/projects/SAMutator/tools/Infer_Dependency/javax.inject.jar:/home/vanguard/projects/SAMutator/tools/Infer_Dependency/guava-23.0.jar:/home/vanguard/projects/SAMutator/tools/Infer_Dependency/android-support-v4.jar:/home/vanguard/projects/SAMutator/tools/Infer_Dependency/jsr305-src.jar:/home/vanguard/projects/SAMutator/tools/Infer_Dependency/kotlin-annotations-jvm-1.3.72.jar:/home/vanguard/projects/SAMutator/tools/Infer_Dependency/collection-1.1.0.jar:/home/vanguard/projects/SAMutator/tools/Infer_Dependency/jsr305.jar:/home/vanguard/projects/SAMutator/tools/Infer_Dependency/jackson-2.2.3.jar:/home/vanguard/projects/SAMutator/tools/Infer_Dependency/android-23.jar:/home/vanguard/projects/SAMutator/tools/Infer_Dependency/tools.jar
[67848][environment]                           /home/vanguard/projects/SAMutator/src/test/java/codetoanalyze/java/quandary/Interprocedural.java
[67848][environment] Available memory at startup: 25092 MB
[67848][environment] Active checkers: self-in-block (C/C++/ObjC), starvation (C/C++/ObjC, Java), uninit (C/C++/ObjC), siof (C/C++/ObjC), dotnet-resource-leak (C#/.Net), racerd (C/C++/ObjC, Java), liveness (C/C++/ObjC), inefficient-keyset-iterator (Java), fragment-retains-view (Java), biabduction (C/C++/ObjC, Java, C#/.Net)
[67848][environment] Scheduler: file
[67848][environment] Cores used: 10
[67848][environment] Infer version v1.1.0
[67848][environment] Copyright 2009 - present Facebook. All Rights Reserved.
[67848][environment] 
[67848][   progress] Capturing in javac mode...
[67848][      debug] Current working directory: '/home/vanguard/projects/SAMutator/scripts'
[67848][      debug] Trying to execute: javac '-J-Duser.language=en' '@/home/vanguard/projects/SAMutator/scripts/infer_output/Interprocedural/tmp/javac_args.tmp.4e4813' 2>'/home/vanguard/projects/SAMutator/scripts/infer_output/Interprocedural/tmp/javac.tmp.4260ff.out'
[67848][      debug] *** Failed: exited with code 1!
[67848][      debug] 
[67848][      debug] Trying to execute: javac '@/home/vanguard/projects/SAMutator/scripts/infer_output/Interprocedural/tmp/javac_args.tmp.4e4813' 2>'/home/vanguard/projects/SAMutator/scripts/infer_output/Interprocedural/tmp/javac.tmp.4260ff.out'
[67848][   user err] 
*** Failed to execute compilation command: exited with code 1
*** Command: javac '@/home/vanguard/projects/SAMutator/scripts/infer_output/Interprocedural/tmp/javac_args.tmp.4e4813'
*** Output:
[parsing started SimpleFileObject[/home/vanguard/projects/SAMutator/src/test/java/codetoanalyze/java/quandary/Interprocedural.java]]
[parsing completed 14ms]
[loading /modules/jdk.jconsole/module-info.class]
[loading /modules/jdk.zipfs/module-info.class]
[loading /modules/java.smartcardio/module-info.class]
[loading /modules/java.xml.crypto/module-info.class]
[loading /modules/jdk.internal.opt/module-info.class]
[loading /modules/java.sql.rowset/module-info.class]
[loading /modules/jdk.jdi/module-info.class]
[loading /modules/java.rmi/module-info.class]
[loading /modules/jdk.jartool/module-info.class]
[loading /modules/jdk.javadoc/module-info.class]
[loading /modules/jdk.internal.vm.compiler/module-info.class]
[loading /modules/jdk.unsupported.desktop/module-info.class]
[loading /modules/jdk.scripting.nashorn.shell/module-info.class]
[loading /modules/jdk.charsets/module-info.class]
[loading /modules/jdk.naming.ldap/module-info.class]
[loading /modules/jdk.jsobject/module-info.class]
[loading /modules/java.security.jgss/module-info.class]
[loading /modules/jdk.security.auth/module-info.class]
[loading /modules/jdk.jdeps/module-info.class]
[loading /modules/java.scripting/module-info.class]
[loading /modules/jdk.management/module-info.class]
[loading /modules/jdk.aot/module-info.class]
[loading /modules/java.xml/module-info.class]
[loading /modules/jdk.naming.rmi/module-info.class]
[loading /modules/jdk.jshell/module-info.class]
[loading /modules/jdk.sctp/module-info.class]
[loading /modules/java.management/module-info.class]
[loading /modules/jdk.internal.vm.compiler.management/module-info.class]
[loading /modules/jdk.net/module-info.class]
[loading /modules/jdk.hotspot.agent/module-info.class]
[loading /modules/jdk.jdwp.agent/module-info.class]
[loading /modules/jdk.naming.dns/module-info.class]
[loading /modules/jdk.dynalink/module-info.class]
[loading /modules/java.naming/module-info.class]
[loading /modules/java.compiler/module-info.class]
[loading /modules/jdk.editpad/module-info.class]
[loading /modules/jdk.crypto.ec/module-info.class]
[loading /modules/jdk.crypto.cryptoki/module-info.class]
[loading /modules/java.net.http/module-info.class]
[loading /modules/jdk.jcmd/module-info.class]
[loading /modules/java.logging/module-info.class]
[loading /modules/java.base/module-info.class]
[loading /modules/jdk.httpserver/module-info.class]
[loading /modules/jdk.rmic/module-info.class]
[loading /modules/jdk.internal.jvmstat/module-info.class]
[loading /modules/java.desktop/module-info.class]
[loading /modules/java.management.rmi/module-info.class]
[loading /modules/jdk.compiler/module-info.class]
[loading /modules/jdk.internal.ed/module-info.class]
[loading /modules/java.instrument/module-info.class]
[loading /modules/jdk.management.jfr/module-info.class]
[loading /modules/java.prefs/module-info.class]
[loading /modules/java.se/module-info.class]
[loading /modules/java.security.sasl/module-info.class]
[loading /modules/jdk.accessibility/module-info.class]
[loading /modules/jdk.internal.le/module-info.class]
[loading /modules/jdk.jlink/module-info.class]
[loading /modules/jdk.management.agent/module-info.class]
[loading /modules/java.transaction.xa/module-info.class]
[loading /modules/java.datatransfer/module-info.class]
[loading /modules/jdk.unsupported/module-info.class]
[loading /modules/java.sql/module-info.class]
[loading /modules/jdk.internal.vm.ci/module-info.class]
[loading /modules/jdk.attach/module-info.class]
[loading /modules/jdk.jfr/module-info.class]
[loading /modules/jdk.xml.dom/module-info.class]
[loading /modules/jdk.jstatd/module-info.class]
[loading /modules/jdk.localedata/module-info.class]
[loading /modules/jdk.scripting.nashorn/module-info.class]
[loading /modules/jdk.security.jgss/module-info.class]
[loading /modules/jdk.pack/module-info.class]
[search path for source files: .,/home/vanguard/projects/SAMutator/tools/Infer_Dependency/javax.inject.jar,/home/vanguard/projects/SAMutator/tools/Infer_Dependency/guava-23.0.jar,/home/vanguard/projects/SAMutator/tools/Infer_Dependency/android-support-v4.jar,/home/vanguard/projects/SAMutator/tools/Infer_Dependency/jsr305-src.jar,/home/vanguard/projects/SAMutator/tools/Infer_Dependency/kotlin-annotations-jvm-1.3.72.jar,/home/vanguard/projects/SAMutator/tools/Infer_Dependency/collection-1.1.0.jar,/home/vanguard/projects/SAMutator/tools/Infer_Dependency/jsr305.jar,/home/vanguard/projects/SAMutator/tools/Infer_Dependency/jackson-2.2.3.jar,/home/vanguard/projects/SAMutator/tools/Infer_Dependency/android-23.jar,/home/vanguard/projects/SAMutator/tools/Infer_Dependency/tools.jar]
[search path for class files: /home/vanguard/bin/jdk/jdk-11.0.12/lib/modules,.,/home/vanguard/projects/SAMutator/tools/Infer_Dependency/javax.inject.jar,/home/vanguard/projects/SAMutator/tools/Infer_Dependency/guava-23.0.jar,/home/vanguard/projects/SAMutator/tools/Infer_Dependency/android-support-v4.jar,/home/vanguard/projects/SAMutator/tools/Infer_Dependency/jsr305-src.jar,/home/vanguard/projects/SAMutator/tools/Infer_Dependency/kotlin-annotations-jvm-1.3.72.jar,/home/vanguard/projects/SAMutator/tools/Infer_Dependency/collection-1.1.0.jar,/home/vanguard/projects/SAMutator/tools/Infer_Dependency/jsr305.jar,/home/vanguard/projects/SAMutator/tools/Infer_Dependency/jackson-2.2.3.jar,/home/vanguard/projects/SAMutator/tools/Infer_Dependency/android-23.jar,/home/vanguard/projects/SAMutator/tools/Infer_Dependency/tools.jar]
/home/vanguard/projects/SAMutator/src/test/java/codetoanalyze/java/quandary/Interprocedural.java:3: error: cannot find symbol
import codetoanalyze.java.InferTaint;
                         ^
  symbol:   class InferTaint
  location: package codetoanalyze.java
[loading /modules/java.base/java/lang/Object.class]
[loading /modules/java.base/java/lang/Deprecated.class]
[loading /modules/java.base/java/lang/annotation/Retention.class]
[loading /modules/java.base/java/lang/annotation/RetentionPolicy.class]
[loading /modules/java.base/java/lang/annotation/Target.class]
[loading /modules/java.base/java/lang/annotation/ElementType.class]
[checking codetoanalyze.java.quandary.Interprocedural]
[loading /modules/java.base/java/io/Serializable.class]
[loading /modules/java.base/java/lang/AutoCloseable.class]
/home/vanguard/projects/SAMutator/src/test/java/codetoanalyze/java/quandary/Interprocedural.java:21: error: cannot find symbol
    return InferTaint.inferSecretSource();
           ^
  symbol:   variable InferTaint
  location: class Interprocedural
/home/vanguard/projects/SAMutator/src/test/java/codetoanalyze/java/quandary/Interprocedural.java:29: error: cannot find symbol
    InferTaint.inferSensitiveSink(returnSourceDirect());
    ^
  symbol:   variable InferTaint
  location: class Interprocedural
/home/vanguard/projects/SAMutator/src/test/java/codetoanalyze/java/quandary/Interprocedural.java:34: error: cannot find symbol
    InferTaint.inferSensitiveSink(source);
    ^
  symbol:   variable InferTaint
  location: class Interprocedural
/home/vanguard/projects/SAMutator/src/test/java/codetoanalyze/java/quandary/Interprocedural.java:38: error: cannot find symbol
    InferTaint.inferSensitiveSink(returnSourceIndirect());
    ^
  symbol:   variable InferTaint
  location: class Interprocedural
/home/vanguard/projects/SAMutator/src/test/java/codetoanalyze/java/quandary/Interprocedural.java:43: error: cannot find symbol
    o.f = InferTaint.inferSecretSource();
          ^
  symbol:   variable InferTaint
  location: class Interprocedural
/home/vanguard/projects/SAMutator/src/test/java/codetoanalyze/java/quandary/Interprocedural.java:48: error: cannot find symbol
    InferTaint.inferSensitiveSink(returnSourceViaField().f);
    ^
  symbol:   variable InferTaint
  location: class Interprocedural
/home/vanguard/projects/SAMutator/src/test/java/codetoanalyze/java/quandary/Interprocedural.java:52: error: cannot find symbol
    o.f = InferTaint.inferSecretSource();
          ^
  symbol:   variable InferTaint
  location: class Interprocedural
/home/vanguard/projects/SAMutator/src/test/java/codetoanalyze/java/quandary/Interprocedural.java:57: error: cannot find symbol
    InferTaint.inferSensitiveSink(o.f);
    ^
  symbol:   variable InferTaint
  location: class Interprocedural
/home/vanguard/projects/SAMutator/src/test/java/codetoanalyze/java/quandary/Interprocedural.java:65: error: cannot find symbol
    o1.f = InferTaint.inferSecretSource();
           ^
  symbol:   variable InferTaint
  location: class Interprocedural
/home/vanguard/projects/SAMutator/src/test/java/codetoanalyze/java/quandary/Interprocedural.java:67: error: cannot find symbol
    InferTaint.inferSensitiveSink(o2.f);
    ^
  symbol:   variable InferTaint
  location: class Interprocedural
/home/vanguard/projects/SAMutator/src/test/java/codetoanalyze/java/quandary/Interprocedural.java:71: error: cannot find symbol
    o1.f = InferTaint.inferSecretSource();
           ^
  symbol:   variable InferTaint
  location: class Interprocedural
/home/vanguard/projects/SAMutator/src/test/java/codetoanalyze/java/quandary/Interprocedural.java:73: error: cannot find symbol
    InferTaint.inferSensitiveSink(o2.f);
    ^
  symbol:   variable InferTaint
  location: class Interprocedural
/home/vanguard/projects/SAMutator/src/test/java/codetoanalyze/java/quandary/Interprocedural.java:77: error: cannot find symbol
    sGlobal = InferTaint.inferSecretSource();
              ^
  symbol:   variable InferTaint
  location: class Interprocedural
/home/vanguard/projects/SAMutator/src/test/java/codetoanalyze/java/quandary/Interprocedural.java:82: error: cannot find symbol
    InferTaint.inferSensitiveSink(sGlobal);
    ^
  symbol:   variable InferTaint
  location: class Interprocedural
/home/vanguard/projects/SAMutator/src/test/java/codetoanalyze/java/quandary/Interprocedural.java:88: error: cannot find symbol
    InferTaint.inferSensitiveSink(sGlobal);
    ^
  symbol:   variable InferTaint
  location: class Interprocedural
/home/vanguard/projects/SAMutator/src/test/java/codetoanalyze/java/quandary/Interprocedural.java:93: error: cannot find symbol
    InferTaint.inferSensitiveSink(param1);
    ^
  symbol:   variable InferTaint
  location: class Interprocedural
/home/vanguard/projects/SAMutator/src/test/java/codetoanalyze/java/quandary/Interprocedural.java:97: error: cannot find symbol
    callSinkParam1(InferTaint.inferSecretSource(), null);
                   ^
  symbol:   variable InferTaint
  location: class Interprocedural
/home/vanguard/projects/SAMutator/src/test/java/codetoanalyze/java/quandary/Interprocedural.java:101: error: cannot find symbol
    callSinkParam1(null, InferTaint.inferSecretSource());
                         ^
  symbol:   variable InferTaint
  location: class Interprocedural
/home/vanguard/projects/SAMutator/src/test/java/codetoanalyze/java/quandary/Interprocedural.java:105: error: cannot find symbol
    InferTaint.inferSensitiveSink(param2);
    ^
  symbol:   variable InferTaint
  location: class Interprocedural
/home/vanguard/projects/SAMutator/src/test/java/codetoanalyze/java/quandary/Interprocedural.java:109: error: cannot find symbol
    callSinkParam2(null, InferTaint.inferSecretSource());
                         ^
  symbol:   variable InferTaint
  location: class Interprocedural
/home/vanguard/projects/SAMutator/src/test/java/codetoanalyze/java/quandary/Interprocedural.java:113: error: cannot find symbol
    callSinkParam2(InferTaint.inferSecretSource(), null);
                   ^
  symbol:   variable InferTaint
  location: class Interprocedural
/home/vanguard/projects/SAMutator/src/test/java/codetoanalyze/java/quandary/Interprocedural.java:117: error: cannot find symbol
    InferTaint.inferSensitiveSink(this.f);
    ^
  symbol:   variable InferTaint
  location: class Interprocedural
/home/vanguard/projects/SAMutator/src/test/java/codetoanalyze/java/quandary/Interprocedural.java:121: error: cannot find symbol
    this.f = InferTaint.inferSecretSource();
             ^
  symbol:   variable InferTaint
  location: class Interprocedural
/home/vanguard/projects/SAMutator/src/test/java/codetoanalyze/java/quandary/Interprocedural.java:126: error: cannot find symbol
    InferTaint.inferSensitiveSink(param.f);
    ^
  symbol:   variable InferTaint
  location: class Interprocedural
/home/vanguard/projects/SAMutator/src/test/java/codetoanalyze/java/quandary/Interprocedural.java:131: error: cannot find symbol
    obj.f = InferTaint.inferSecretSource();
            ^
  symbol:   variable InferTaint
  location: class Interprocedural
/home/vanguard/projects/SAMutator/src/test/java/codetoanalyze/java/quandary/Interprocedural.java:141: error: cannot find symbol
    InferTaint.inferSensitiveSink(local);
    ^
  symbol:   variable InferTaint
  location: class Interprocedural
/home/vanguard/projects/SAMutator/src/test/java/codetoanalyze/java/quandary/Interprocedural.java:145: error: cannot find symbol
    this.f = InferTaint.inferSecretSource();
             ^
  symbol:   variable InferTaint
  location: class Interprocedural
/home/vanguard/projects/SAMutator/src/test/java/codetoanalyze/java/quandary/Interprocedural.java:150: error: cannot find symbol
    InferTaint.inferSensitiveSink(sGlobal);
    ^
  symbol:   variable InferTaint
  location: class Interprocedural
/home/vanguard/projects/SAMutator/src/test/java/codetoanalyze/java/quandary/Interprocedural.java:154: error: cannot find symbol
    sGlobal = InferTaint.inferSecretSource();
              ^
  symbol:   variable InferTaint
  location: class Interprocedural
/home/vanguard/projects/SAMutator/src/test/java/codetoanalyze/java/quandary/Interprocedural.java:159: error: cannot find symbol
    sGlobal = InferTaint.inferSecretSource();
              ^
  symbol:   variable InferTaint
  location: class Interprocedural
/home/vanguard/projects/SAMutator/src/test/java/codetoanalyze/java/quandary/Interprocedural.java:169: error: cannot find symbol
    setGlobal(InferTaint.inferSecretSource());
              ^
  symbol:   variable InferTaint
  location: class Interprocedural
/home/vanguard/projects/SAMutator/src/test/java/codetoanalyze/java/quandary/Interprocedural.java:179: error: cannot find symbol
    InferTaint.inferSensitiveSink(sGlobal);
    ^
  symbol:   variable InferTaint
  location: class Interprocedural
/home/vanguard/projects/SAMutator/src/test/java/codetoanalyze/java/quandary/Interprocedural.java:183: error: cannot find symbol
    sGlobal = InferTaint.inferSecretSource();
              ^
  symbol:   variable InferTaint
  location: class Interprocedural
/home/vanguard/projects/SAMutator/src/test/java/codetoanalyze/java/quandary/Interprocedural.java:189: error: cannot find symbol
    Object source = InferTaint.inferSecretSource();
                    ^
  symbol:   variable InferTaint
  location: class Interprocedural
/home/vanguard/projects/SAMutator/src/test/java/codetoanalyze/java/quandary/Interprocedural.java:196: error: cannot find symbol
    Object source = InferTaint.inferSecretSource();
                    ^
  symbol:   variable InferTaint
  location: class Interprocedural
/home/vanguard/projects/SAMutator/src/test/java/codetoanalyze/java/quandary/Interprocedural.java:198: error: cannot find symbol
    InferTaint.inferSensitiveSink(launderedSource);
    ^
  symbol:   variable InferTaint
  location: class Interprocedural
/home/vanguard/projects/SAMutator/src/test/java/codetoanalyze/java/quandary/Interprocedural.java:202: error: cannot find symbol
    Object source = InferTaint.inferSecretSource();
                    ^
  symbol:   variable InferTaint
  location: class Interprocedural
/home/vanguard/projects/SAMutator/src/test/java/codetoanalyze/java/quandary/Interprocedural.java:205: error: cannot find symbol
    InferTaint.inferSensitiveSink(launderedSource2);
    ^
  symbol:   variable InferTaint
  location: class Interprocedural
/home/vanguard/projects/SAMutator/src/test/java/codetoanalyze/java/quandary/Interprocedural.java:210: error: cannot find symbol
    if (b) return InferTaint.inferSecretSource();
                  ^
  symbol:   variable InferTaint
  location: class Interprocedural
/home/vanguard/projects/SAMutator/src/test/java/codetoanalyze/java/quandary/Interprocedural.java:215: error: cannot find symbol
    InferTaint.inferSensitiveSink(returnSourceConditional(false));
    ^
  symbol:   variable InferTaint
  location: class Interprocedural
/home/vanguard/projects/SAMutator/src/test/java/codetoanalyze/java/quandary/Interprocedural.java:224: error: cannot find symbol
    o.f = InferTaint.inferSecretSource();
          ^
  symbol:   variable InferTaint
  location: class Interprocedural
/home/vanguard/projects/SAMutator/src/test/java/codetoanalyze/java/quandary/Interprocedural.java:226: error: cannot find symbol
    InferTaint.inferSensitiveSink(o.f);
    ^
  symbol:   variable InferTaint
  location: class Interprocedural
/home/vanguard/projects/SAMutator/src/test/java/codetoanalyze/java/quandary/Interprocedural.java:240: error: cannot find symbol
    Object source = InferTaint.inferSecretSource();
                    ^
  symbol:   variable InferTaint
  location: class Interprocedural
/home/vanguard/projects/SAMutator/src/test/java/codetoanalyze/java/quandary/Interprocedural.java:242: error: cannot find symbol
    InferTaint.inferSensitiveSink(relevant);
    ^
  symbol:   variable InferTaint
  location: class Interprocedural
/home/vanguard/projects/SAMutator/src/test/java/codetoanalyze/java/quandary/Interprocedural.java:248: error: cannot find symbol
    Object source = InferTaint.inferSecretSource();
                    ^
  symbol:   variable InferTaint
  location: class Interprocedural
/home/vanguard/projects/SAMutator/src/test/java/codetoanalyze/java/quandary/Interprocedural.java:256: error: cannot find symbol
    InferTaint.inferSensitiveSink(relevant);
    ^
  symbol:   variable InferTaint
  location: class Interprocedural
/home/vanguard/projects/SAMutator/src/test/java/codetoanalyze/java/quandary/Interprocedural.java:262: error: cannot find symbol
    InferTaint.inferSensitiveSink(relevant);
    ^
  symbol:   variable InferTaint
  location: class Interprocedural
/home/vanguard/projects/SAMutator/src/test/java/codetoanalyze/java/quandary/Interprocedural.java:268: error: cannot find symbol
    Object source = InferTaint.inferSecretSource();
                    ^
  symbol:   variable InferTaint
  location: class Interprocedural
/home/vanguard/projects/SAMutator/src/test/java/codetoanalyze/java/quandary/Interprocedural.java:287: error: cannot find symbol
    InferTaint.inferSensitiveSink(params);
    ^
  symbol:   variable InferTaint
  location: class Interprocedural
/home/vanguard/projects/SAMutator/src/test/java/codetoanalyze/java/quandary/Interprocedural.java:291: error: cannot find symbol
    callSinkVariadic(null, null, InferTaint.inferSecretSource());
                                 ^
  symbol:   variable InferTaint
  location: class Interprocedural
/home/vanguard/projects/SAMutator/src/test/java/codetoanalyze/java/quandary/Interprocedural.java:300: error: cannot find symbol
    Object source = InferTaint.inferSecretSource();
                    ^
  symbol:   variable InferTaint
  location: class Interprocedural
/home/vanguard/projects/SAMutator/src/test/java/codetoanalyze/java/quandary/Interprocedural.java:302: error: cannot find symbol
    InferTaint.inferSensitiveSink(source);
    ^
  symbol:   variable InferTaint
  location: class Interprocedural
/home/vanguard/projects/SAMutator/src/test/java/codetoanalyze/java/quandary/Interprocedural.java:306: error: cannot find symbol
    InferTaint.inferSensitiveSink(param);
    ^
  symbol:   variable InferTaint
  location: class Interprocedural
/home/vanguard/projects/SAMutator/src/test/java/codetoanalyze/java/quandary/Interprocedural.java:311: error: cannot find symbol
    callSinkThenDiverge(InferTaint.inferSecretSource());
                        ^
  symbol:   variable InferTaint
  location: class Interprocedural
/home/vanguard/projects/SAMutator/src/test/java/codetoanalyze/java/quandary/Interprocedural.java:315: error: cannot find symbol
    InferTaint.inferSensitiveSink(o);
    ^
  symbol:   variable InferTaint
  location: class Interprocedural
/home/vanguard/projects/SAMutator/src/test/java/codetoanalyze/java/quandary/Interprocedural.java:349: error: cannot find symbol
    InferTaint.inferSensitiveSink(id(o));
    ^
  symbol:   variable InferTaint
  location: class Interprocedural
/home/vanguard/projects/SAMutator/src/test/java/codetoanalyze/java/quandary/Interprocedural.java:353: error: cannot find symbol
    InferTaint.inferSensitiveSink(id2(o).f);
    ^
  symbol:   variable InferTaint
  location: class Interprocedural
/home/vanguard/projects/SAMutator/src/test/java/codetoanalyze/java/quandary/Interprocedural.java:357: error: cannot find symbol
    InferTaint.inferSensitiveSink(id(o.f));
    ^
  symbol:   variable InferTaint
  location: class Interprocedural
/home/vanguard/projects/SAMutator/src/test/java/codetoanalyze/java/quandary/Interprocedural.java:361: error: cannot find symbol
    InferTaint.inferSensitiveSink(o.f);
    ^
  symbol:   variable InferTaint
  location: class Interprocedural
/home/vanguard/projects/SAMutator/src/test/java/codetoanalyze/java/quandary/Interprocedural.java:365: error: cannot find symbol
    Object source = InferTaint.inferSecretSource();
                    ^
  symbol:   variable InferTaint
  location: class Interprocedural
/home/vanguard/projects/SAMutator/src/test/java/codetoanalyze/java/quandary/Interprocedural.java:370: error: cannot find symbol
    Obj source = propagate(InferTaint.inferSecretSource());
                           ^
  symbol:   variable InferTaint
  location: class Interprocedural
/home/vanguard/projects/SAMutator/src/test/java/codetoanalyze/java/quandary/Interprocedural.java:375: error: cannot find symbol
    Obj source = propagate(InferTaint.inferSecretSource());
                           ^
  symbol:   variable InferTaint
  location: class Interprocedural
/home/vanguard/projects/SAMutator/src/test/java/codetoanalyze/java/quandary/Interprocedural.java:381: error: cannot find symbol
    o.f = InferTaint.inferSecretSource();
          ^
  symbol:   variable InferTaint
  location: class Interprocedural
/home/vanguard/projects/SAMutator/src/test/java/codetoanalyze/java/quandary/Interprocedural.java:382: error: cannot find symbol
    InferTaint.inferSensitiveSink(id2(o).f);
    ^
  symbol:   variable InferTaint
  location: class Interprocedural
/home/vanguard/projects/SAMutator/src/test/java/codetoanalyze/java/quandary/Interprocedural.java:386: error: cannot find symbol
    Obj source = propagate(InferTaint.inferSecretSource());
                           ^
  symbol:   variable InferTaint
  location: class Interprocedural
/home/vanguard/projects/SAMutator/src/test/java/codetoanalyze/java/quandary/Interprocedural.java:391: error: cannot find symbol
    Obj source = propagate(InferTaint.inferSecretSource());
                           ^
  symbol:   variable InferTaint
  location: class Interprocedural
/home/vanguard/projects/SAMutator/src/test/java/codetoanalyze/java/quandary/Interprocedural.java:400: error: cannot find symbol
    o = InferTaint.inferSecretSource();
        ^
  symbol:   variable InferTaint
  location: class Interprocedural
/home/vanguard/projects/SAMutator/src/test/java/codetoanalyze/java/quandary/Interprocedural.java:405: error: cannot find symbol
    Object source = InferTaint.inferSecretSource();
                    ^
  symbol:   variable InferTaint
  location: class Interprocedural
/home/vanguard/projects/SAMutator/src/test/java/codetoanalyze/java/quandary/Interprocedural.java:407: error: cannot find symbol
    InferTaint.inferSensitiveSink(notASource);
    ^
  symbol:   variable InferTaint
  location: class Interprocedural
/home/vanguard/projects/SAMutator/src/test/java/codetoanalyze/java/quandary/Interprocedural.java:413: error: cannot find symbol
    InferTaint.inferSensitiveSink(o);
    ^
  symbol:   variable InferTaint
  location: class Interprocedural
[total 200ms]
71 errors

*** Infer needs a working compilation command to run.

[67848][   user err] Raised at Stdlib__buffer.add_channel in file "buffer.ml", line 273, characters 18-35
Called from Stdio__In_channel.input_all.loop in file "src/in_channel.ml", line 44, characters 4-47
Called from Stdio__In_channel.input_all in file "src/in_channel.ml", line 47, characters 6-13

[67849][      debug] Sqlite write daemon: terminating
