[67265][      debug] Loading models took 61.732ms
[67266][      debug] Sqlite write daemon: starting up
[67266][      debug] Sqlite write daemon: set up complete, waiting for connections
[67265][environment] CWD = /home/vanguard/projects/SAMutator/scripts
[67265][environment] No .inferconfig file found
[67265][environment] Project root = /home/vanguard/projects/SAMutator/scripts
[67265][environment] INFER_ARGS =   @/tmp/args.tmp.8b9beb
[67265][environment] command line arguments:   /home/vanguard/bin/infer/bin/infer run -o
[67265][environment]                           /home/vanguard/projects/SAMutator/scripts/infer_output/Basics
[67265][environment]                           -- javac -cp
[67265][environment]                           .:/home/vanguard/projects/SAMutator/tools/Infer_Dependency/javax.inject.jar:/home/vanguard/projects/SAMutator/tools/Infer_Dependency/guava-23.0.jar:/home/vanguard/projects/SAMutator/tools/Infer_Dependency/android-support-v4.jar:/home/vanguard/projects/SAMutator/tools/Infer_Dependency/jsr305-src.jar:/home/vanguard/projects/SAMutator/tools/Infer_Dependency/kotlin-annotations-jvm-1.3.72.jar:/home/vanguard/projects/SAMutator/tools/Infer_Dependency/collection-1.1.0.jar:/home/vanguard/projects/SAMutator/tools/Infer_Dependency/jsr305.jar:/home/vanguard/projects/SAMutator/tools/Infer_Dependency/jackson-2.2.3.jar:/home/vanguard/projects/SAMutator/tools/Infer_Dependency/android-23.jar:/home/vanguard/projects/SAMutator/tools/Infer_Dependency/tools.jar
[67265][environment]                           /home/vanguard/projects/SAMutator/src/test/java/codetoanalyze/java/quandary/Basics.java
[67265][environment] Available memory at startup: 25087 MB
[67265][environment] Active checkers: self-in-block (C/C++/ObjC), starvation (C/C++/ObjC, Java), uninit (C/C++/ObjC), siof (C/C++/ObjC), dotnet-resource-leak (C#/.Net), racerd (C/C++/ObjC, Java), liveness (C/C++/ObjC), inefficient-keyset-iterator (Java), fragment-retains-view (Java), biabduction (C/C++/ObjC, Java, C#/.Net)
[67265][environment] Scheduler: file
[67265][environment] Cores used: 10
[67265][environment] Infer version v1.1.0
[67265][environment] Copyright 2009 - present Facebook. All Rights Reserved.
[67265][environment] 
[67265][   progress] Capturing in javac mode...
[67265][      debug] Current working directory: '/home/vanguard/projects/SAMutator/scripts'
[67265][      debug] Trying to execute: javac '-J-Duser.language=en' '@/home/vanguard/projects/SAMutator/scripts/infer_output/Basics/tmp/javac_args.tmp.395717' 2>'/home/vanguard/projects/SAMutator/scripts/infer_output/Basics/tmp/javac.tmp.3fdcf3.out'
[67265][      debug] *** Failed: exited with code 1!
[67265][      debug] 
[67265][      debug] Trying to execute: javac '@/home/vanguard/projects/SAMutator/scripts/infer_output/Basics/tmp/javac_args.tmp.395717' 2>'/home/vanguard/projects/SAMutator/scripts/infer_output/Basics/tmp/javac.tmp.3fdcf3.out'
[67265][   user err] 
*** Failed to execute compilation command: exited with code 1
*** Command: javac '@/home/vanguard/projects/SAMutator/scripts/infer_output/Basics/tmp/javac_args.tmp.395717'
*** Output:
[parsing started SimpleFileObject[/home/vanguard/projects/SAMutator/src/test/java/codetoanalyze/java/quandary/Basics.java]]
[parsing completed 13ms]
[loading /modules/jdk.accessibility/module-info.class]
[loading /modules/jdk.hotspot.agent/module-info.class]
[loading /modules/jdk.internal.vm.ci/module-info.class]
[loading /modules/jdk.editpad/module-info.class]
[loading /modules/jdk.crypto.cryptoki/module-info.class]
[loading /modules/java.xml.crypto/module-info.class]
[loading /modules/jdk.security.jgss/module-info.class]
[loading /modules/java.datatransfer/module-info.class]
[loading /modules/java.security.sasl/module-info.class]
[loading /modules/java.xml/module-info.class]
[loading /modules/jdk.internal.vm.compiler/module-info.class]
[loading /modules/jdk.aot/module-info.class]
[loading /modules/java.management.rmi/module-info.class]
[loading /modules/jdk.internal.ed/module-info.class]
[loading /modules/jdk.xml.dom/module-info.class]
[loading /modules/jdk.jstatd/module-info.class]
[loading /modules/java.desktop/module-info.class]
[loading /modules/jdk.javadoc/module-info.class]
[loading /modules/jdk.naming.dns/module-info.class]
[loading /modules/jdk.sctp/module-info.class]
[loading /modules/jdk.localedata/module-info.class]
[loading /modules/java.transaction.xa/module-info.class]
[loading /modules/java.net.http/module-info.class]
[loading /modules/java.security.jgss/module-info.class]
[loading /modules/jdk.jshell/module-info.class]
[loading /modules/jdk.jartool/module-info.class]
[loading /modules/jdk.compiler/module-info.class]
[loading /modules/jdk.management.agent/module-info.class]
[loading /modules/jdk.zipfs/module-info.class]
[loading /modules/jdk.scripting.nashorn/module-info.class]
[loading /modules/jdk.charsets/module-info.class]
[loading /modules/jdk.jcmd/module-info.class]
[loading /modules/java.prefs/module-info.class]
[loading /modules/jdk.attach/module-info.class]
[loading /modules/jdk.jdeps/module-info.class]
[loading /modules/java.se/module-info.class]
[loading /modules/java.instrument/module-info.class]
[loading /modules/java.naming/module-info.class]
[loading /modules/jdk.security.auth/module-info.class]
[loading /modules/jdk.internal.jvmstat/module-info.class]
[loading /modules/jdk.unsupported/module-info.class]
[loading /modules/java.base/module-info.class]
[loading /modules/jdk.jfr/module-info.class]
[loading /modules/jdk.jconsole/module-info.class]
[loading /modules/java.smartcardio/module-info.class]
[loading /modules/jdk.internal.opt/module-info.class]
[loading /modules/jdk.management/module-info.class]
[loading /modules/jdk.naming.ldap/module-info.class]
[loading /modules/jdk.unsupported.desktop/module-info.class]
[loading /modules/jdk.httpserver/module-info.class]
[loading /modules/jdk.jlink/module-info.class]
[loading /modules/jdk.dynalink/module-info.class]
[loading /modules/java.management/module-info.class]
[loading /modules/java.sql.rowset/module-info.class]
[loading /modules/java.scripting/module-info.class]
[loading /modules/jdk.rmic/module-info.class]
[loading /modules/jdk.pack/module-info.class]
[loading /modules/jdk.net/module-info.class]
[loading /modules/jdk.jdwp.agent/module-info.class]
[loading /modules/jdk.scripting.nashorn.shell/module-info.class]
[loading /modules/jdk.internal.vm.compiler.management/module-info.class]
[loading /modules/jdk.jsobject/module-info.class]
[loading /modules/jdk.internal.le/module-info.class]
[loading /modules/java.rmi/module-info.class]
[loading /modules/java.sql/module-info.class]
[loading /modules/jdk.management.jfr/module-info.class]
[loading /modules/jdk.naming.rmi/module-info.class]
[loading /modules/java.compiler/module-info.class]
[loading /modules/jdk.crypto.ec/module-info.class]
[loading /modules/jdk.jdi/module-info.class]
[loading /modules/java.logging/module-info.class]
[search path for source files: .,/home/vanguard/projects/SAMutator/tools/Infer_Dependency/javax.inject.jar,/home/vanguard/projects/SAMutator/tools/Infer_Dependency/guava-23.0.jar,/home/vanguard/projects/SAMutator/tools/Infer_Dependency/android-support-v4.jar,/home/vanguard/projects/SAMutator/tools/Infer_Dependency/jsr305-src.jar,/home/vanguard/projects/SAMutator/tools/Infer_Dependency/kotlin-annotations-jvm-1.3.72.jar,/home/vanguard/projects/SAMutator/tools/Infer_Dependency/collection-1.1.0.jar,/home/vanguard/projects/SAMutator/tools/Infer_Dependency/jsr305.jar,/home/vanguard/projects/SAMutator/tools/Infer_Dependency/jackson-2.2.3.jar,/home/vanguard/projects/SAMutator/tools/Infer_Dependency/android-23.jar,/home/vanguard/projects/SAMutator/tools/Infer_Dependency/tools.jar]
[search path for class files: /home/vanguard/bin/jdk/jdk-11.0.12/lib/modules,.,/home/vanguard/projects/SAMutator/tools/Infer_Dependency/javax.inject.jar,/home/vanguard/projects/SAMutator/tools/Infer_Dependency/guava-23.0.jar,/home/vanguard/projects/SAMutator/tools/Infer_Dependency/android-support-v4.jar,/home/vanguard/projects/SAMutator/tools/Infer_Dependency/jsr305-src.jar,/home/vanguard/projects/SAMutator/tools/Infer_Dependency/kotlin-annotations-jvm-1.3.72.jar,/home/vanguard/projects/SAMutator/tools/Infer_Dependency/collection-1.1.0.jar,/home/vanguard/projects/SAMutator/tools/Infer_Dependency/jsr305.jar,/home/vanguard/projects/SAMutator/tools/Infer_Dependency/jackson-2.2.3.jar,/home/vanguard/projects/SAMutator/tools/Infer_Dependency/android-23.jar,/home/vanguard/projects/SAMutator/tools/Infer_Dependency/tools.jar]
/home/vanguard/projects/SAMutator/src/test/java/codetoanalyze/java/quandary/Basics.java:10: error: cannot find symbol
import codetoanalyze.java.InferTaint;
                         ^
  symbol:   class InferTaint
  location: package codetoanalyze.java
[loading /modules/java.base/java/lang/Object.class]
[loading /modules/java.base/java/lang/Deprecated.class]
[loading /modules/java.base/java/lang/annotation/Retention.class]
[loading /modules/java.base/java/lang/annotation/RetentionPolicy.class]
[loading /modules/java.base/java/lang/annotation/Target.class]
[loading /modules/java.base/java/lang/annotation/ElementType.class]
[checking codetoanalyze.java.quandary.Basics]
[loading /modules/java.base/java/io/Serializable.class]
[loading /modules/java.base/java/lang/AutoCloseable.class]
/home/vanguard/projects/SAMutator/src/test/java/codetoanalyze/java/quandary/Basics.java:21: error: cannot find symbol
    InferTaint.inferSensitiveSink(InferTaint.inferSecretSource());
    ^
  symbol:   variable InferTaint
  location: class Basics
/home/vanguard/projects/SAMutator/src/test/java/codetoanalyze/java/quandary/Basics.java:21: error: cannot find symbol
    InferTaint.inferSensitiveSink(InferTaint.inferSecretSource());
                                  ^
  symbol:   variable InferTaint
  location: class Basics
/home/vanguard/projects/SAMutator/src/test/java/codetoanalyze/java/quandary/Basics.java:25: error: cannot find symbol
    Object src = InferTaint.inferSecretSource();
                 ^
  symbol:   variable InferTaint
  location: class Basics
/home/vanguard/projects/SAMutator/src/test/java/codetoanalyze/java/quandary/Basics.java:26: error: cannot find symbol
    InferTaint.inferSensitiveSink(src);
    ^
  symbol:   variable InferTaint
  location: class Basics
/home/vanguard/projects/SAMutator/src/test/java/codetoanalyze/java/quandary/Basics.java:30: error: cannot find symbol
    Object src = InferTaint.inferSecretSource();
                 ^
  symbol:   variable InferTaint
  location: class Basics
/home/vanguard/projects/SAMutator/src/test/java/codetoanalyze/java/quandary/Basics.java:32: error: cannot find symbol
    InferTaint.inferSensitiveSink(alias);
    ^
  symbol:   variable InferTaint
  location: class Basics
/home/vanguard/projects/SAMutator/src/test/java/codetoanalyze/java/quandary/Basics.java:36: error: cannot find symbol
    Object src = InferTaint.inferSecretSource();
                 ^
  symbol:   variable InferTaint
  location: class Basics
/home/vanguard/projects/SAMutator/src/test/java/codetoanalyze/java/quandary/Basics.java:39: error: cannot find symbol
    InferTaint.inferSensitiveSink(alias);
    ^
  symbol:   variable InferTaint
  location: class Basics
[loading /modules/java.base/java/lang/String.class]
/home/vanguard/projects/SAMutator/src/test/java/codetoanalyze/java/quandary/Basics.java:43: error: cannot find symbol
    InferTaint.inferSensitiveSink((String) InferTaint.inferSecretSource());
                                           ^
  symbol:   variable InferTaint
  location: class Basics
/home/vanguard/projects/SAMutator/src/test/java/codetoanalyze/java/quandary/Basics.java:43: error: cannot find symbol
    InferTaint.inferSensitiveSink((String) InferTaint.inferSecretSource());
    ^
  symbol:   variable InferTaint
  location: class Basics
/home/vanguard/projects/SAMutator/src/test/java/codetoanalyze/java/quandary/Basics.java:47: error: cannot find symbol
    Object src = InferTaint.inferSecretSource();
                 ^
  symbol:   variable InferTaint
  location: class Basics
/home/vanguard/projects/SAMutator/src/test/java/codetoanalyze/java/quandary/Basics.java:48: error: cannot find symbol
    InferTaint.inferSensitiveSink((String) src);
    ^
  symbol:   variable InferTaint
  location: class Basics
/home/vanguard/projects/SAMutator/src/test/java/codetoanalyze/java/quandary/Basics.java:54: error: cannot find symbol
      src = InferTaint.inferSecretSource();
            ^
  symbol:   variable InferTaint
  location: class Basics
/home/vanguard/projects/SAMutator/src/test/java/codetoanalyze/java/quandary/Basics.java:56: error: cannot find symbol
    InferTaint.inferSensitiveSink(src);
    ^
  symbol:   variable InferTaint
  location: class Basics
/home/vanguard/projects/SAMutator/src/test/java/codetoanalyze/java/quandary/Basics.java:60: error: cannot find symbol
    Object src = InferTaint.inferSecretSource();
                 ^
  symbol:   variable InferTaint
  location: class Basics
/home/vanguard/projects/SAMutator/src/test/java/codetoanalyze/java/quandary/Basics.java:64: error: cannot find symbol
    InferTaint.inferSensitiveSink(src);
    ^
  symbol:   variable InferTaint
  location: class Basics
/home/vanguard/projects/SAMutator/src/test/java/codetoanalyze/java/quandary/Basics.java:72: error: cannot find symbol
      src = InferTaint.inferSecretSource();
            ^
  symbol:   variable InferTaint
  location: class Basics
/home/vanguard/projects/SAMutator/src/test/java/codetoanalyze/java/quandary/Basics.java:74: error: cannot find symbol
    InferTaint.inferSensitiveSink(src);
    ^
  symbol:   variable InferTaint
  location: class Basics
/home/vanguard/projects/SAMutator/src/test/java/codetoanalyze/java/quandary/Basics.java:82: error: cannot find symbol
      src = InferTaint.inferSecretSource();
            ^
  symbol:   variable InferTaint
  location: class Basics
/home/vanguard/projects/SAMutator/src/test/java/codetoanalyze/java/quandary/Basics.java:86: error: cannot find symbol
    InferTaint.inferSensitiveSink(src);
    ^
  symbol:   variable InferTaint
  location: class Basics
/home/vanguard/projects/SAMutator/src/test/java/codetoanalyze/java/quandary/Basics.java:90: error: cannot find symbol
    Object src = InferTaint.inferSecretSource();
                 ^
  symbol:   variable InferTaint
  location: class Basics
/home/vanguard/projects/SAMutator/src/test/java/codetoanalyze/java/quandary/Basics.java:92: error: cannot find symbol
      InferTaint.inferSensitiveSink(src);
      ^
  symbol:   variable InferTaint
  location: class Basics
/home/vanguard/projects/SAMutator/src/test/java/codetoanalyze/java/quandary/Basics.java:97: error: cannot find symbol
    Object src = InferTaint.inferSecretSource();
                 ^
  symbol:   variable InferTaint
  location: class Basics
/home/vanguard/projects/SAMutator/src/test/java/codetoanalyze/java/quandary/Basics.java:100: error: cannot find symbol
        InferTaint.inferSensitiveSink(src);
        ^
  symbol:   variable InferTaint
  location: class Basics
/home/vanguard/projects/SAMutator/src/test/java/codetoanalyze/java/quandary/Basics.java:110: error: cannot find symbol
    Object src = InferTaint.inferSecretSource();
                 ^
  symbol:   variable InferTaint
  location: class Basics
/home/vanguard/projects/SAMutator/src/test/java/codetoanalyze/java/quandary/Basics.java:115: error: cannot find symbol
        InferTaint.inferSensitiveSink(src);
        ^
  symbol:   variable InferTaint
  location: class Basics
/home/vanguard/projects/SAMutator/src/test/java/codetoanalyze/java/quandary/Basics.java:126: error: cannot find symbol
        src = InferTaint.inferSecretSource();
              ^
  symbol:   variable InferTaint
  location: class Basics
/home/vanguard/projects/SAMutator/src/test/java/codetoanalyze/java/quandary/Basics.java:129: error: cannot find symbol
        InferTaint.inferSensitiveSink(src);
        ^
  symbol:   variable InferTaint
  location: class Basics
/home/vanguard/projects/SAMutator/src/test/java/codetoanalyze/java/quandary/Basics.java:137: error: cannot find symbol
    Object src = InferTaint.inferSecretSource();
                 ^
  symbol:   variable InferTaint
  location: class Basics
/home/vanguard/projects/SAMutator/src/test/java/codetoanalyze/java/quandary/Basics.java:139: error: cannot find symbol
      InferTaint.inferSensitiveSink(src);
      ^
  symbol:   variable InferTaint
  location: class Basics
/home/vanguard/projects/SAMutator/src/test/java/codetoanalyze/java/quandary/Basics.java:147: error: cannot find symbol
      src = InferTaint.inferSecretSource();
            ^
  symbol:   variable InferTaint
  location: class Basics
/home/vanguard/projects/SAMutator/src/test/java/codetoanalyze/java/quandary/Basics.java:150: error: cannot find symbol
    InferTaint.inferSensitiveSink(src);
    ^
  symbol:   variable InferTaint
  location: class Basics
/home/vanguard/projects/SAMutator/src/test/java/codetoanalyze/java/quandary/Basics.java:155: error: cannot find symbol
    Object src = InferTaint.inferSecretSource();
                 ^
  symbol:   variable InferTaint
  location: class Basics
/home/vanguard/projects/SAMutator/src/test/java/codetoanalyze/java/quandary/Basics.java:156: error: cannot find symbol
    InferTaint.inferSensitiveSink(src);
    ^
  symbol:   variable InferTaint
  location: class Basics
/home/vanguard/projects/SAMutator/src/test/java/codetoanalyze/java/quandary/Basics.java:157: error: cannot find symbol
    InferTaint.inferSensitiveSink(src);
    ^
  symbol:   variable InferTaint
  location: class Basics
/home/vanguard/projects/SAMutator/src/test/java/codetoanalyze/java/quandary/Basics.java:161: error: cannot find symbol
    Object src = InferTaint.inferSecretSource();
                 ^
  symbol:   variable InferTaint
  location: class Basics
/home/vanguard/projects/SAMutator/src/test/java/codetoanalyze/java/quandary/Basics.java:163: error: cannot find symbol
    InferTaint.inferSensitiveSink(arr);
    ^
  symbol:   variable InferTaint
  location: class Basics
/home/vanguard/projects/SAMutator/src/test/java/codetoanalyze/java/quandary/Basics.java:167: error: cannot find symbol
    Object src = InferTaint.inferSecretSource();
                 ^
  symbol:   variable InferTaint
  location: class Basics
/home/vanguard/projects/SAMutator/src/test/java/codetoanalyze/java/quandary/Basics.java:172: error: cannot find symbol
    InferTaint.inferSensitiveSink(src);
    ^
  symbol:   variable InferTaint
  location: class Basics
/home/vanguard/projects/SAMutator/src/test/java/codetoanalyze/java/quandary/Basics.java:181: error: cannot find symbol
    notASink(InferTaint.inferSecretSource());
             ^
  symbol:   variable InferTaint
  location: class Basics
/home/vanguard/projects/SAMutator/src/test/java/codetoanalyze/java/quandary/Basics.java:185: error: cannot find symbol
    InferTaint.inferSensitiveSink(notASource());
    ^
  symbol:   variable InferTaint
  location: class Basics
/home/vanguard/projects/SAMutator/src/test/java/codetoanalyze/java/quandary/Basics.java:190: error: cannot find symbol
    InferTaint.inferSensitiveSink(src);
    ^
  symbol:   variable InferTaint
  location: class Basics
/home/vanguard/projects/SAMutator/src/test/java/codetoanalyze/java/quandary/Basics.java:194: error: cannot find symbol
    Object src = InferTaint.inferSecretSource();
                 ^
  symbol:   variable InferTaint
  location: class Basics
/home/vanguard/projects/SAMutator/src/test/java/codetoanalyze/java/quandary/Basics.java:196: error: cannot find symbol
    InferTaint.inferSensitiveSink(src);
    ^
  symbol:   variable InferTaint
  location: class Basics
[loading /modules/java.base/java/lang/AssertionError.class]
[loading /modules/java.base/java/lang/Error.class]
[loading /modules/java.base/java/lang/Throwable.class]
/home/vanguard/projects/SAMutator/src/test/java/codetoanalyze/java/quandary/Basics.java:222: error: cannot find symbol
    Object src = InferTaint.inferSecretSource();
                 ^
  symbol:   variable InferTaint
  location: class Basics
/home/vanguard/projects/SAMutator/src/test/java/codetoanalyze/java/quandary/Basics.java:225: error: cannot find symbol
      InferTaint.inferSensitiveSink(src);
      ^
  symbol:   variable InferTaint
  location: class Basics
/home/vanguard/projects/SAMutator/src/test/java/codetoanalyze/java/quandary/Basics.java:230: error: cannot find symbol
    Object src = InferTaint.inferSecretSource();
                 ^
  symbol:   variable InferTaint
  location: class Basics
/home/vanguard/projects/SAMutator/src/test/java/codetoanalyze/java/quandary/Basics.java:234: error: cannot find symbol
    InferTaint.inferSensitiveSink(src);
    ^
  symbol:   variable InferTaint
  location: class Basics
[total 186ms]
49 errors

*** Infer needs a working compilation command to run.

[67265][   user err] Raised at Stdlib__buffer.add_channel in file "buffer.ml", line 273, characters 18-35
Called from Stdio__In_channel.input_all.loop in file "src/in_channel.ml", line 44, characters 4-47
Called from Stdio__In_channel.input_all in file "src/in_channel.ml", line 47, characters 6-13

[67266][      debug] Sqlite write daemon: terminating
