[63338][      debug] Loading models took 62.023ms
[63339][      debug] Sqlite write daemon: starting up
[63339][      debug] Sqlite write daemon: set up complete, waiting for connections
[63338][environment] CWD = /home/vanguard/projects/SAMutator/scripts
[63338][environment] No .inferconfig file found
[63338][environment] Project root = /home/vanguard/projects/SAMutator/scripts
[63338][environment] INFER_ARGS =   @/tmp/args.tmp.cf09ba
[63338][environment] command line arguments:   /home/vanguard/bin/infer/bin/infer run -o
[63338][environment]                           /home/vanguard/projects/SAMutator/scripts/infer_output/InferAnnotationTest
[63338][environment]                           -- javac -cp
[63338][environment]                           .:/home/vanguard/projects/SAMutator/tools/Infer_Dependency/javax.inject.jar:/home/vanguard/projects/SAMutator/tools/Infer_Dependency/guava-23.0.jar:/home/vanguard/projects/SAMutator/tools/Infer_Dependency/android-support-v4.jar:/home/vanguard/projects/SAMutator/tools/Infer_Dependency/jsr305-src.jar:/home/vanguard/projects/SAMutator/tools/Infer_Dependency/kotlin-annotations-jvm-1.3.72.jar:/home/vanguard/projects/SAMutator/tools/Infer_Dependency/collection-1.1.0.jar:/home/vanguard/projects/SAMutator/tools/Infer_Dependency/jsr305.jar:/home/vanguard/projects/SAMutator/tools/Infer_Dependency/jackson-2.2.3.jar:/home/vanguard/projects/SAMutator/tools/Infer_Dependency/android-23.jar:/home/vanguard/projects/SAMutator/tools/Infer_Dependency/tools.jar
[63338][environment]                           /home/vanguard/projects/SAMutator/src/test/java/codetoanalyze/java/performance/InferAnnotationTest.java
[63338][environment] Available memory at startup: 24992 MB
[63338][environment] Active checkers: self-in-block (C/C++/ObjC), starvation (C/C++/ObjC, Java), uninit (C/C++/ObjC), siof (C/C++/ObjC), dotnet-resource-leak (C#/.Net), racerd (C/C++/ObjC, Java), liveness (C/C++/ObjC), inefficient-keyset-iterator (Java), fragment-retains-view (Java), biabduction (C/C++/ObjC, Java, C#/.Net)
[63338][environment] Scheduler: file
[63338][environment] Cores used: 10
[63338][environment] Infer version v1.1.0
[63338][environment] Copyright 2009 - present Facebook. All Rights Reserved.
[63338][environment] 
[63338][   progress] Capturing in javac mode...
[63338][      debug] Current working directory: '/home/vanguard/projects/SAMutator/scripts'
[63338][      debug] Trying to execute: javac '-J-Duser.language=en' '@/home/vanguard/projects/SAMutator/scripts/infer_output/InferAnnotationTest/tmp/javac_args.tmp.967a5e' 2>'/home/vanguard/projects/SAMutator/scripts/infer_output/InferAnnotationTest/tmp/javac.tmp.d1422d.out'
[63338][      debug] *** Failed: exited with code 1!
[63338][      debug] 
[63338][      debug] Trying to execute: javac '@/home/vanguard/projects/SAMutator/scripts/infer_output/InferAnnotationTest/tmp/javac_args.tmp.967a5e' 2>'/home/vanguard/projects/SAMutator/scripts/infer_output/InferAnnotationTest/tmp/javac.tmp.d1422d.out'
[63338][   user err] 
*** Failed to execute compilation command: exited with code 1
*** Command: javac '@/home/vanguard/projects/SAMutator/scripts/infer_output/InferAnnotationTest/tmp/javac_args.tmp.967a5e'
*** Output:
[parsing started SimpleFileObject[/home/vanguard/projects/SAMutator/src/test/java/codetoanalyze/java/performance/InferAnnotationTest.java]]
[parsing completed 11ms]
[loading /modules/java.se/module-info.class]
[loading /modules/jdk.accessibility/module-info.class]
[loading /modules/jdk.jsobject/module-info.class]
[loading /modules/jdk.unsupported/module-info.class]
[loading /modules/jdk.xml.dom/module-info.class]
[loading /modules/jdk.management/module-info.class]
[loading /modules/jdk.jdwp.agent/module-info.class]
[loading /modules/java.security.jgss/module-info.class]
[loading /modules/jdk.security.auth/module-info.class]
[loading /modules/jdk.rmic/module-info.class]
[loading /modules/jdk.internal.le/module-info.class]
[loading /modules/jdk.dynalink/module-info.class]
[loading /modules/java.sql.rowset/module-info.class]
[loading /modules/java.smartcardio/module-info.class]
[loading /modules/jdk.jfr/module-info.class]
[loading /modules/jdk.security.jgss/module-info.class]
[loading /modules/java.naming/module-info.class]
[loading /modules/java.desktop/module-info.class]
[loading /modules/jdk.internal.vm.compiler/module-info.class]
[loading /modules/java.management.rmi/module-info.class]
[loading /modules/java.rmi/module-info.class]
[loading /modules/java.xml.crypto/module-info.class]
[loading /modules/jdk.naming.rmi/module-info.class]
[loading /modules/jdk.jartool/module-info.class]
[loading /modules/java.transaction.xa/module-info.class]
[loading /modules/jdk.internal.jvmstat/module-info.class]
[loading /modules/java.datatransfer/module-info.class]
[loading /modules/java.management/module-info.class]
[loading /modules/java.xml/module-info.class]
[loading /modules/jdk.naming.dns/module-info.class]
[loading /modules/jdk.zipfs/module-info.class]
[loading /modules/jdk.naming.ldap/module-info.class]
[loading /modules/jdk.internal.opt/module-info.class]
[loading /modules/jdk.jcmd/module-info.class]
[loading /modules/jdk.localedata/module-info.class]
[loading /modules/jdk.scripting.nashorn/module-info.class]
[loading /modules/jdk.management.agent/module-info.class]
[loading /modules/java.security.sasl/module-info.class]
[loading /modules/jdk.internal.vm.compiler.management/module-info.class]
[loading /modules/jdk.internal.ed/module-info.class]
[loading /modules/jdk.management.jfr/module-info.class]
[loading /modules/jdk.jstatd/module-info.class]
[loading /modules/jdk.scripting.nashorn.shell/module-info.class]
[loading /modules/java.base/module-info.class]
[loading /modules/jdk.unsupported.desktop/module-info.class]
[loading /modules/jdk.crypto.cryptoki/module-info.class]
[loading /modules/jdk.httpserver/module-info.class]
[loading /modules/jdk.javadoc/module-info.class]
[loading /modules/java.scripting/module-info.class]
[loading /modules/jdk.crypto.ec/module-info.class]
[loading /modules/jdk.net/module-info.class]
[loading /modules/jdk.jlink/module-info.class]
[loading /modules/jdk.charsets/module-info.class]
[loading /modules/jdk.attach/module-info.class]
[loading /modules/java.net.http/module-info.class]
[loading /modules/jdk.aot/module-info.class]
[loading /modules/jdk.pack/module-info.class]
[loading /modules/java.prefs/module-info.class]
[loading /modules/jdk.compiler/module-info.class]
[loading /modules/jdk.sctp/module-info.class]
[loading /modules/jdk.jdeps/module-info.class]
[loading /modules/jdk.internal.vm.ci/module-info.class]
[loading /modules/java.compiler/module-info.class]
[loading /modules/jdk.editpad/module-info.class]
[loading /modules/java.instrument/module-info.class]
[loading /modules/jdk.hotspot.agent/module-info.class]
[loading /modules/jdk.jshell/module-info.class]
[loading /modules/jdk.jdi/module-info.class]
[loading /modules/jdk.jconsole/module-info.class]
[loading /modules/java.sql/module-info.class]
[loading /modules/java.logging/module-info.class]
[search path for source files: .,/home/vanguard/projects/SAMutator/tools/Infer_Dependency/javax.inject.jar,/home/vanguard/projects/SAMutator/tools/Infer_Dependency/guava-23.0.jar,/home/vanguard/projects/SAMutator/tools/Infer_Dependency/android-support-v4.jar,/home/vanguard/projects/SAMutator/tools/Infer_Dependency/jsr305-src.jar,/home/vanguard/projects/SAMutator/tools/Infer_Dependency/kotlin-annotations-jvm-1.3.72.jar,/home/vanguard/projects/SAMutator/tools/Infer_Dependency/collection-1.1.0.jar,/home/vanguard/projects/SAMutator/tools/Infer_Dependency/jsr305.jar,/home/vanguard/projects/SAMutator/tools/Infer_Dependency/jackson-2.2.3.jar,/home/vanguard/projects/SAMutator/tools/Infer_Dependency/android-23.jar,/home/vanguard/projects/SAMutator/tools/Infer_Dependency/tools.jar]
[search path for class files: /home/vanguard/bin/jdk/jdk-11.0.12/lib/modules,.,/home/vanguard/projects/SAMutator/tools/Infer_Dependency/javax.inject.jar,/home/vanguard/projects/SAMutator/tools/Infer_Dependency/guava-23.0.jar,/home/vanguard/projects/SAMutator/tools/Infer_Dependency/android-support-v4.jar,/home/vanguard/projects/SAMutator/tools/Infer_Dependency/jsr305-src.jar,/home/vanguard/projects/SAMutator/tools/Infer_Dependency/kotlin-annotations-jvm-1.3.72.jar,/home/vanguard/projects/SAMutator/tools/Infer_Dependency/collection-1.1.0.jar,/home/vanguard/projects/SAMutator/tools/Infer_Dependency/jsr305.jar,/home/vanguard/projects/SAMutator/tools/Infer_Dependency/jackson-2.2.3.jar,/home/vanguard/projects/SAMutator/tools/Infer_Dependency/android-23.jar,/home/vanguard/projects/SAMutator/tools/Infer_Dependency/tools.jar]
/home/vanguard/projects/SAMutator/src/test/java/codetoanalyze/java/performance/InferAnnotationTest.java:8: error: package codetoanalyze.java.annotation does not exist
import codetoanalyze.java.annotation.Assertions;
                                    ^
[loading /modules/java.base/java/util/ArrayList.class]
[loading /modules/java.base/java/util/HashMap.class]
[loading /modules/java.base/java/lang/Object.class]
[loading /modules/java.base/java/lang/Integer.class]
[loading /modules/java.base/java/lang/Deprecated.class]
[loading /modules/java.base/java/lang/annotation/Retention.class]
[loading /modules/java.base/java/lang/annotation/RetentionPolicy.class]
[loading /modules/java.base/java/lang/annotation/Target.class]
[loading /modules/java.base/java/lang/annotation/ElementType.class]
[checking codetoanalyze.java.performance.InferAnnotationTest]
[loading /modules/java.base/java/io/Serializable.class]
[loading /modules/java.base/java/lang/AutoCloseable.class]
/home/vanguard/projects/SAMutator/src/test/java/codetoanalyze/java/performance/InferAnnotationTest.java:15: error: cannot find symbol
    for (int i = 0; i < Assertions.assertNotNull(x); i++) {}
                        ^
  symbol:   variable Assertions
  location: class InferAnnotationTest
/home/vanguard/projects/SAMutator/src/test/java/codetoanalyze/java/performance/InferAnnotationTest.java:19: error: cannot find symbol
    for (int i = 0; i < Assertions.assertNotNull(x, "explanation"); i++) {}
                        ^
  symbol:   variable Assertions
  location: class InferAnnotationTest
[loading /modules/java.base/java/lang/String.class]
/home/vanguard/projects/SAMutator/src/test/java/codetoanalyze/java/performance/InferAnnotationTest.java:23: error: cannot find symbol
    for (int i = 0; i < Assertions.assumeNotNull(x); i++) {}
                        ^
  symbol:   variable Assertions
  location: class InferAnnotationTest
/home/vanguard/projects/SAMutator/src/test/java/codetoanalyze/java/performance/InferAnnotationTest.java:27: error: cannot find symbol
    for (int i = 0; i < Assertions.assumeNotNull(x, "explanation"); i++) {}
                        ^
  symbol:   variable Assertions
  location: class InferAnnotationTest
/home/vanguard/projects/SAMutator/src/test/java/codetoanalyze/java/performance/InferAnnotationTest.java:31: error: cannot find symbol
    for (int i = 0; i < Assertions.nullsafeFIXME(x, "explanation"); i++) {}
                        ^
  symbol:   variable Assertions
  location: class InferAnnotationTest
[loading /modules/java.base/java/util/Collection.class]
[loading /modules/java.base/java/util/List.class]
[loading /modules/java.base/java/lang/Iterable.class]
[loading /modules/java.base/java/util/RandomAccess.class]
[loading /modules/java.base/java/lang/Cloneable.class]
[loading /modules/java.base/java/util/AbstractList.class]
[loading /modules/java.base/java/util/AbstractCollection.class]
/home/vanguard/projects/SAMutator/src/test/java/codetoanalyze/java/performance/InferAnnotationTest.java:37: error: cannot find symbol
    for (int i = 0; i < Assertions.assertGet(0, a); i++) {}
                        ^
  symbol:   variable Assertions
  location: class InferAnnotationTest
[loading /modules/java.base/java/util/Map.class]
[loading /modules/java.base/java/util/AbstractMap.class]
/home/vanguard/projects/SAMutator/src/test/java/codetoanalyze/java/performance/InferAnnotationTest.java:43: error: cannot find symbol
    for (int i = 0; i < Assertions.assertGet(0, m); i++) {}
                        ^
  symbol:   variable Assertions
  location: class InferAnnotationTest
[total 243ms]
8 errors

*** Infer needs a working compilation command to run.

[63338][   user err] Raised at Stdlib__buffer.add_channel in file "buffer.ml", line 273, characters 18-35
Called from Stdio__In_channel.input_all.loop in file "src/in_channel.ml", line 44, characters 4-47
Called from Stdio__In_channel.input_all in file "src/in_channel.ml", line 47, characters 6-13

[63339][      debug] Sqlite write daemon: terminating
