[parsing started SimpleFileObject[/home/vanguard/projects/SAMutator/src/test/java/codetoanalyze/java/lithorequiredprops/RequiredProps.java]]
[parsing completed 17ms]
[loading /modules/jdk.jlink/module-info.class]
[loading /modules/jdk.editpad/module-info.class]
[loading /modules/jdk.zipfs/module-info.class]
[loading /modules/jdk.jstatd/module-info.class]
[loading /modules/java.logging/module-info.class]
[loading /modules/jdk.internal.vm.compiler/module-info.class]
[loading /modules/jdk.localedata/module-info.class]
[loading /modules/jdk.rmic/module-info.class]
[loading /modules/java.desktop/module-info.class]
[loading /modules/jdk.internal.le/module-info.class]
[loading /modules/jdk.charsets/module-info.class]
[loading /modules/jdk.security.jgss/module-info.class]
[loading /modules/jdk.dynalink/module-info.class]
[loading /modules/jdk.unsupported/module-info.class]
[loading /modules/jdk.jconsole/module-info.class]
[loading /modules/java.prefs/module-info.class]
[loading /modules/jdk.xml.dom/module-info.class]
[loading /modules/java.net.http/module-info.class]
[loading /modules/jdk.jshell/module-info.class]
[loading /modules/jdk.compiler/module-info.class]
[loading /modules/jdk.internal.vm.ci/module-info.class]
[loading /modules/jdk.naming.dns/module-info.class]
[loading /modules/jdk.unsupported.desktop/module-info.class]
[loading /modules/jdk.internal.jvmstat/module-info.class]
[loading /modules/jdk.accessibility/module-info.class]
[loading /modules/jdk.management.jfr/module-info.class]
[loading /modules/java.xml/module-info.class]
[loading /modules/jdk.httpserver/module-info.class]
[loading /modules/jdk.management/module-info.class]
[loading /modules/jdk.crypto.cryptoki/module-info.class]
[loading /modules/jdk.net/module-info.class]
[loading /modules/jdk.jdwp.agent/module-info.class]
[loading /modules/jdk.aot/module-info.class]
[loading /modules/java.security.sasl/module-info.class]
[loading /modules/java.management.rmi/module-info.class]
[loading /modules/java.smartcardio/module-info.class]
[loading /modules/java.sql.rowset/module-info.class]
[loading /modules/jdk.internal.ed/module-info.class]
[loading /modules/java.datatransfer/module-info.class]
[loading /modules/java.compiler/module-info.class]
[loading /modules/java.base/module-info.class]
[loading /modules/jdk.jdeps/module-info.class]
[loading /modules/jdk.pack/module-info.class]
[loading /modules/jdk.jartool/module-info.class]
[loading /modules/jdk.management.agent/module-info.class]
[loading /modules/jdk.naming.rmi/module-info.class]
[loading /modules/jdk.scripting.nashorn.shell/module-info.class]
[loading /modules/java.naming/module-info.class]
[loading /modules/jdk.javadoc/module-info.class]
[loading /modules/java.management/module-info.class]
[loading /modules/jdk.naming.ldap/module-info.class]
[loading /modules/jdk.internal.vm.compiler.management/module-info.class]
[loading /modules/java.se/module-info.class]
[loading /modules/jdk.internal.opt/module-info.class]
[loading /modules/jdk.security.auth/module-info.class]
[loading /modules/jdk.sctp/module-info.class]
[loading /modules/java.transaction.xa/module-info.class]
[loading /modules/jdk.jfr/module-info.class]
[loading /modules/jdk.attach/module-info.class]
[loading /modules/java.instrument/module-info.class]
[loading /modules/java.xml.crypto/module-info.class]
[loading /modules/jdk.jsobject/module-info.class]
[loading /modules/java.sql/module-info.class]
[loading /modules/jdk.crypto.ec/module-info.class]
[loading /modules/java.security.jgss/module-info.class]
[loading /modules/java.rmi/module-info.class]
[loading /modules/jdk.jdi/module-info.class]
[loading /modules/jdk.jcmd/module-info.class]
[loading /modules/jdk.hotspot.agent/module-info.class]
[loading /modules/java.scripting/module-info.class]
[loading /modules/jdk.scripting.nashorn/module-info.class]
[search path for source files: .,/home/vanguard/projects/SAMutator/tools/Infer_Dependency/javax.inject.jar,/home/vanguard/projects/SAMutator/tools/Infer_Dependency/guava-23.0.jar,/home/vanguard/projects/SAMutator/tools/Infer_Dependency/android-support-v4.jar,/home/vanguard/projects/SAMutator/tools/Infer_Dependency/jsr305-src.jar,/home/vanguard/projects/SAMutator/tools/Infer_Dependency/kotlin-annotations-jvm-1.3.72.jar,/home/vanguard/projects/SAMutator/tools/Infer_Dependency/collection-1.1.0.jar,/home/vanguard/projects/SAMutator/tools/Infer_Dependency/jsr305.jar,/home/vanguard/projects/SAMutator/tools/Infer_Dependency/jackson-2.2.3.jar,/home/vanguard/projects/SAMutator/tools/Infer_Dependency/android-23.jar,/home/vanguard/projects/SAMutator/tools/Infer_Dependency/tools.jar]
[search path for class files: /home/vanguard/bin/jdk/jdk-11.0.12/lib/modules,.,/home/vanguard/projects/SAMutator/tools/Infer_Dependency/javax.inject.jar,/home/vanguard/projects/SAMutator/tools/Infer_Dependency/guava-23.0.jar,/home/vanguard/projects/SAMutator/tools/Infer_Dependency/android-support-v4.jar,/home/vanguard/projects/SAMutator/tools/Infer_Dependency/jsr305-src.jar,/home/vanguard/projects/SAMutator/tools/Infer_Dependency/kotlin-annotations-jvm-1.3.72.jar,/home/vanguard/projects/SAMutator/tools/Infer_Dependency/collection-1.1.0.jar,/home/vanguard/projects/SAMutator/tools/Infer_Dependency/jsr305.jar,/home/vanguard/projects/SAMutator/tools/Infer_Dependency/jackson-2.2.3.jar,/home/vanguard/projects/SAMutator/tools/Infer_Dependency/android-23.jar,/home/vanguard/projects/SAMutator/tools/Infer_Dependency/tools.jar]
[loading /modules/java.base/java/util/ArrayList.class]
[loading /modules/java.base/java/lang/Object.class]
/home/vanguard/projects/SAMutator/src/test/java/codetoanalyze/java/lithorequiredprops/RequiredProps.java:7: error: cannot find symbol
  public MyComponent mMyComponent;
         ^
  symbol:   class MyComponent
  location: class RequiredProps
/home/vanguard/projects/SAMutator/src/test/java/codetoanalyze/java/lithorequiredprops/RequiredProps.java:8: error: cannot find symbol
  public MyLithoComponent mMyLithoComponent;
         ^
  symbol:   class MyLithoComponent
  location: class RequiredProps
/home/vanguard/projects/SAMutator/src/test/java/codetoanalyze/java/lithorequiredprops/RequiredProps.java:9: error: cannot find symbol
  public ResPropComponent mResPropComponent;
         ^
  symbol:   class ResPropComponent
  location: class RequiredProps
/home/vanguard/projects/SAMutator/src/test/java/codetoanalyze/java/lithorequiredprops/RequiredProps.java:10: error: cannot find symbol
  public ResPropDoubleComponent mResPropDoubleComponent;
         ^
  symbol:   class ResPropDoubleComponent
  location: class RequiredProps
/home/vanguard/projects/SAMutator/src/test/java/codetoanalyze/java/lithorequiredprops/RequiredProps.java:11: error: cannot find symbol
  public VarArgPropComponent mVarArgPropComponent;
         ^
  symbol:   class VarArgPropComponent
  location: class RequiredProps
/home/vanguard/projects/SAMutator/src/test/java/codetoanalyze/java/lithorequiredprops/RequiredProps.java:13: error: cannot find symbol
  public Component buildWithAllOk() {
         ^
  symbol:   class Component
  location: class RequiredProps
/home/vanguard/projects/SAMutator/src/test/java/codetoanalyze/java/lithorequiredprops/RequiredProps.java:23: error: cannot find symbol
  public Component buildWithout2Ok() {
         ^
  symbol:   class Component
  location: class RequiredProps
/home/vanguard/projects/SAMutator/src/test/java/codetoanalyze/java/lithorequiredprops/RequiredProps.java:28: error: cannot find symbol
  public Component buildWithout1Bad() {
         ^
  symbol:   class Component
  location: class RequiredProps
/home/vanguard/projects/SAMutator/src/test/java/codetoanalyze/java/lithorequiredprops/RequiredProps.java:33: error: cannot find symbol
  public Component buildWithout3Bad() {
         ^
  symbol:   class Component
  location: class RequiredProps
/home/vanguard/projects/SAMutator/src/test/java/codetoanalyze/java/lithorequiredprops/RequiredProps.java:37: error: cannot find symbol
  public Component buildWithCommonPropOk() {
         ^
  symbol:   class Component
  location: class RequiredProps
/home/vanguard/projects/SAMutator/src/test/java/codetoanalyze/java/lithorequiredprops/RequiredProps.java:46: error: package MyComponent does not exist
  private static MyComponent.Builder setProp1(MyComponent.Builder builder) {
                                                         ^
/home/vanguard/projects/SAMutator/src/test/java/codetoanalyze/java/lithorequiredprops/RequiredProps.java:46: error: package MyComponent does not exist
  private static MyComponent.Builder setProp1(MyComponent.Builder builder) {
                            ^
/home/vanguard/projects/SAMutator/src/test/java/codetoanalyze/java/lithorequiredprops/RequiredProps.java:50: error: package MyComponent does not exist
  private static MyComponent.Builder setProp3(MyComponent.Builder builder) {
                                                         ^
/home/vanguard/projects/SAMutator/src/test/java/codetoanalyze/java/lithorequiredprops/RequiredProps.java:50: error: package MyComponent does not exist
  private static MyComponent.Builder setProp3(MyComponent.Builder builder) {
                            ^
/home/vanguard/projects/SAMutator/src/test/java/codetoanalyze/java/lithorequiredprops/RequiredProps.java:54: error: cannot find symbol
  public Component setProp1InCalleeOk() {
         ^
  symbol:   class Component
  location: class RequiredProps
/home/vanguard/projects/SAMutator/src/test/java/codetoanalyze/java/lithorequiredprops/RequiredProps.java:58: error: cannot find symbol
  public Component setProp3InCalleeOk() {
         ^
  symbol:   class Component
  location: class RequiredProps
/home/vanguard/projects/SAMutator/src/test/java/codetoanalyze/java/lithorequiredprops/RequiredProps.java:62: error: cannot find symbol
  public Component setProp3InCalleeButForgetProp1Bad() {
         ^
  symbol:   class Component
  location: class RequiredProps
/home/vanguard/projects/SAMutator/src/test/java/codetoanalyze/java/lithorequiredprops/RequiredProps.java:66: error: cannot find symbol
  public Component setRequiredOnOneBranchBad(boolean b) {
         ^
  symbol:   class Component
  location: class RequiredProps
/home/vanguard/projects/SAMutator/src/test/java/codetoanalyze/java/lithorequiredprops/RequiredProps.java:74: error: cannot find symbol
  public Component setRequiredOnBothBranchesOk(boolean b) {
         ^
  symbol:   class Component
  location: class RequiredProps
/home/vanguard/projects/SAMutator/src/test/java/codetoanalyze/java/lithorequiredprops/RequiredProps.java:84: error: cannot find symbol
  public Component setRequiredOnBothBranchesNoAssignOk(boolean b) {
         ^
  symbol:   class Component
  location: class RequiredProps
/home/vanguard/projects/SAMutator/src/test/java/codetoanalyze/java/lithorequiredprops/RequiredProps.java:95: error: cannot find symbol
  public Component setRequiredOk(boolean b) {
         ^
  symbol:   class Component
  location: class RequiredProps
/home/vanguard/projects/SAMutator/src/test/java/codetoanalyze/java/lithorequiredprops/RequiredProps.java:101: error: cannot find symbol
  public Component setRequiredEffectful(boolean b) {
         ^
  symbol:   class Component
  location: class RequiredProps
/home/vanguard/projects/SAMutator/src/test/java/codetoanalyze/java/lithorequiredprops/RequiredProps.java:107: error: cannot find symbol
  public Component setRequiredOnOneBranchEffectfulBad(boolean b) {
         ^
  symbol:   class Component
  location: class RequiredProps
/home/vanguard/projects/SAMutator/src/test/java/codetoanalyze/java/lithorequiredprops/RequiredProps.java:124: error: cannot find symbol
  public Component doubleSetMissingBad() {
         ^
  symbol:   class Component
  location: class RequiredProps
/home/vanguard/projects/SAMutator/src/test/java/codetoanalyze/java/lithorequiredprops/RequiredProps.java:131: error: cannot find symbol
  public Component doubleSetCommonOk() {
         ^
  symbol:   class Component
  location: class RequiredProps
/home/vanguard/projects/SAMutator/src/test/java/codetoanalyze/java/lithorequiredprops/RequiredProps.java:143: error: cannot find symbol
  public Component setRequiredOnBothBranchesMissingProp3Bad(boolean b) {
         ^
  symbol:   class Component
  location: class RequiredProps
[loading /modules/java.base/java/lang/String.class]
/home/vanguard/projects/SAMutator/src/test/java/codetoanalyze/java/lithorequiredprops/RequiredProps.java:187: error: package MyComponent does not exist
  private MyComponent buildSuffix(MyComponent.Builder builder) {
                                             ^
/home/vanguard/projects/SAMutator/src/test/java/codetoanalyze/java/lithorequiredprops/RequiredProps.java:187: error: cannot find symbol
  private MyComponent buildSuffix(MyComponent.Builder builder) {
          ^
  symbol:   class MyComponent
  location: class RequiredProps
/home/vanguard/projects/SAMutator/src/test/java/codetoanalyze/java/lithorequiredprops/RequiredProps.java:192: error: cannot find symbol
  public Component callBuildSuffixWithRequiredOk() {
         ^
  symbol:   class Component
  location: class RequiredProps
/home/vanguard/projects/SAMutator/src/test/java/codetoanalyze/java/lithorequiredprops/RequiredProps.java:197: error: cannot find symbol
  public Component callBuildSuffixWithoutRequiredBad() {
         ^
  symbol:   class Component
  location: class RequiredProps
/home/vanguard/projects/SAMutator/src/test/java/codetoanalyze/java/lithorequiredprops/RequiredProps.java:221: error: package MyComponent does not exist
  Component.Builder getBuilder(MyComponent.Builder builder) {
                                          ^
/home/vanguard/projects/SAMutator/src/test/java/codetoanalyze/java/lithorequiredprops/RequiredProps.java:221: error: package Component does not exist
  Component.Builder getBuilder(MyComponent.Builder builder) {
           ^
/home/vanguard/projects/SAMutator/src/test/java/codetoanalyze/java/lithorequiredprops/RequiredProps.java:239: error: cannot find symbol
  public Component buildWithColumnChildOk() {
         ^
  symbol:   class Component
  location: class RequiredProps
/home/vanguard/projects/SAMutator/src/test/java/codetoanalyze/java/lithorequiredprops/RequiredProps.java:325: error: cannot find symbol
  public Component buildPropLithoMissingBothBad() {
         ^
  symbol:   class Component
  location: class RequiredProps
/home/vanguard/projects/SAMutator/src/test/java/codetoanalyze/java/lithorequiredprops/RequiredProps.java:335: error: cannot find symbol
  public Component buildPropLithoOK() {
         ^
  symbol:   class Component
  location: class RequiredProps
/home/vanguard/projects/SAMutator/src/test/java/codetoanalyze/java/lithorequiredprops/RequiredProps.java:354: error: package Component does not exist
  Component.Builder createBuilder() {
           ^
/home/vanguard/projects/SAMutator/src/test/java/codetoanalyze/java/lithorequiredprops/RequiredProps.java:378: error: cannot find symbol
  public Component buildPropLithoMissingInOneBranchBad(boolean b) {
         ^
  symbol:   class Component
  location: class RequiredProps
/home/vanguard/projects/SAMutator/src/test/java/codetoanalyze/java/lithorequiredprops/RequiredProps.java:386: error: cannot find symbol
  public Component buildPropLithoMissingInOneBranchBeforeBuildBad(boolean b) {
         ^
  symbol:   class Component
  location: class RequiredProps
/home/vanguard/projects/SAMutator/src/test/java/codetoanalyze/java/lithorequiredprops/RequiredProps.java:394: error: cannot find symbol
  public Component setRequiredOnOneBothBranchesWithCreateOk_FP(boolean b) {
         ^
  symbol:   class Component
  location: class RequiredProps
/home/vanguard/projects/SAMutator/src/test/java/codetoanalyze/java/lithorequiredprops/RequiredProps.java:404: error: cannot find symbol
  public Component missingProp3InOneBranchBeforeBuildBad(boolean b) {
         ^
  symbol:   class Component
  location: class RequiredProps
/home/vanguard/projects/SAMutator/src/test/java/codetoanalyze/java/lithorequiredprops/RequiredProps.java:412: error: cannot find symbol
  public Component missingProp2InOneBranchBeforeBuildBad(boolean b) {
         ^
  symbol:   class Component
  location: class RequiredProps
/home/vanguard/projects/SAMutator/src/test/java/codetoanalyze/java/lithorequiredprops/RequiredProps.java:420: error: cannot find symbol
  public Component missingProp1InBothBranchesBeforeBuildBad(boolean b) {
         ^
  symbol:   class Component
  location: class RequiredProps
/home/vanguard/projects/SAMutator/src/test/java/codetoanalyze/java/lithorequiredprops/RequiredProps.java:428: error: cannot find symbol
  public Component createDiffferentInBranchesBeforeBuildOk(boolean b) {
         ^
  symbol:   class Component
  location: class RequiredProps
/home/vanguard/projects/SAMutator/src/test/java/codetoanalyze/java/lithorequiredprops/RequiredProps.java:436: error: cannot find symbol
  public Component buildJoinOk(boolean b, String s) {
         ^
  symbol:   class Component
  location: class RequiredProps
/home/vanguard/projects/SAMutator/src/test/java/codetoanalyze/java/lithorequiredprops/RequiredProps.java:456: error: package MyComponent does not exist
  public MyComponent.Builder createJoin(boolean b) {
                    ^
/home/vanguard/projects/SAMutator/src/test/java/codetoanalyze/java/lithorequiredprops/RequiredProps.java:467: error: cannot find symbol
  public Component callCreateJoinBad(boolean b) {
         ^
  symbol:   class Component
  location: class RequiredProps
/home/vanguard/projects/SAMutator/src/test/java/codetoanalyze/java/lithorequiredprops/RequiredProps.java:472: error: package MyComponent does not exist
  public MyComponent.Builder createInsideJoinBad(boolean b) {
                    ^
/home/vanguard/projects/SAMutator/src/test/java/codetoanalyze/java/lithorequiredprops/RequiredProps.java:484: error: cannot find symbol
  public Component callCreateJoinOk(boolean b) {
         ^
  symbol:   class Component
  location: class RequiredProps
/home/vanguard/projects/SAMutator/src/test/java/codetoanalyze/java/lithorequiredprops/RequiredProps.java:489: error: package MyComponent does not exist
  public MyComponent.Builder returnNullWithProp3(boolean b, MyComponent.Builder builder) {
                                                                       ^
/home/vanguard/projects/SAMutator/src/test/java/codetoanalyze/java/lithorequiredprops/RequiredProps.java:489: error: package MyComponent does not exist
  public MyComponent.Builder returnNullWithProp3(boolean b, MyComponent.Builder builder) {
                    ^
/home/vanguard/projects/SAMutator/src/test/java/codetoanalyze/java/lithorequiredprops/RequiredProps.java:504: error: package MyComponent does not exist
  private static Component setProp3AndBuild(MyComponent.Builder builder) {
                                                       ^
/home/vanguard/projects/SAMutator/src/test/java/codetoanalyze/java/lithorequiredprops/RequiredProps.java:504: error: cannot find symbol
  private static Component setProp3AndBuild(MyComponent.Builder builder) {
                 ^
  symbol:   class Component
  location: class RequiredProps
/home/vanguard/projects/SAMutator/src/test/java/codetoanalyze/java/lithorequiredprops/RequiredProps.java:528: error: package MyComponent does not exist
  public MyComponent.Builder createWrapper() {
                    ^
/home/vanguard/projects/SAMutator/src/test/java/codetoanalyze/java/lithorequiredprops/RequiredProps.java:371: error: cannot find symbol
    public MyTreeComponent mMyTreeComponent;
           ^
  symbol:   class MyTreeComponent
  location: class RequiredProps.NonRequiredTreeProps
/home/vanguard/projects/SAMutator/src/test/java/codetoanalyze/java/lithorequiredprops/RequiredProps.java:373: error: cannot find symbol
    public MyTreeComponent buildWithoutOk() {
           ^
  symbol:   class MyTreeComponent
  location: class RequiredProps.NonRequiredTreeProps
[loading /modules/java.base/java/lang/Deprecated.class]
[loading /modules/java.base/java/lang/annotation/Retention.class]
[loading /modules/java.base/java/lang/annotation/RetentionPolicy.class]
[loading /modules/java.base/java/lang/annotation/Target.class]
[loading /modules/java.base/java/lang/annotation/ElementType.class]
[checking codetoanalyze.java.lithorequiredprops.RequiredProps]
[loading /modules/java.base/java/io/Serializable.class]
[loading /modules/java.base/java/lang/AutoCloseable.class]
/home/vanguard/projects/SAMutator/src/test/java/codetoanalyze/java/lithorequiredprops/RequiredProps.java:67: error: package MyComponent does not exist
    MyComponent.Builder builder = mMyComponent.create();
               ^
/home/vanguard/projects/SAMutator/src/test/java/codetoanalyze/java/lithorequiredprops/RequiredProps.java:75: error: package MyComponent does not exist
    MyComponent.Builder builder = mMyComponent.create();
               ^
/home/vanguard/projects/SAMutator/src/test/java/codetoanalyze/java/lithorequiredprops/RequiredProps.java:85: error: package MyComponent does not exist
    MyComponent.Builder builder = mMyComponent.create();
               ^
/home/vanguard/projects/SAMutator/src/test/java/codetoanalyze/java/lithorequiredprops/RequiredProps.java:96: error: package MyComponent does not exist
    MyComponent.Builder builder = mMyComponent.create();
               ^
/home/vanguard/projects/SAMutator/src/test/java/codetoanalyze/java/lithorequiredprops/RequiredProps.java:102: error: package MyComponent does not exist
    MyComponent.Builder builder = mMyComponent.create();
               ^
/home/vanguard/projects/SAMutator/src/test/java/codetoanalyze/java/lithorequiredprops/RequiredProps.java:108: error: package MyComponent does not exist
    MyComponent.Builder builder = mMyComponent.create();
               ^
/home/vanguard/projects/SAMutator/src/test/java/codetoanalyze/java/lithorequiredprops/RequiredProps.java:118: error: cannot find symbol
      Column.create()
      ^
  symbol:   variable Column
  location: class RequiredProps
/home/vanguard/projects/SAMutator/src/test/java/codetoanalyze/java/lithorequiredprops/RequiredProps.java:125: error: package Component does not exist
    Component.Builder builder =
             ^
/home/vanguard/projects/SAMutator/src/test/java/codetoanalyze/java/lithorequiredprops/RequiredProps.java:132: error: package Component does not exist
    Component.Builder builder =
             ^
/home/vanguard/projects/SAMutator/src/test/java/codetoanalyze/java/lithorequiredprops/RequiredProps.java:144: error: package MyComponent does not exist
    MyComponent.Builder builder = mMyComponent.create();
               ^
/home/vanguard/projects/SAMutator/src/test/java/codetoanalyze/java/lithorequiredprops/RequiredProps.java:154: error: package MyComponent does not exist
    MyComponent.Builder builder = mMyComponent.create();
               ^
/home/vanguard/projects/SAMutator/src/test/java/codetoanalyze/java/lithorequiredprops/RequiredProps.java:165: error: package MyComponent does not exist
    MyComponent.Builder builder = mMyComponent.create();
               ^
[loading /modules/java.base/java/lang/Comparable.class]
[loading /modules/java.base/java/lang/CharSequence.class]
/home/vanguard/projects/SAMutator/src/test/java/codetoanalyze/java/lithorequiredprops/RequiredProps.java:179: error: package MyComponent does not exist
    MyComponent.Builder builder = mMyComponent.create().prop1(new Object());
               ^
/home/vanguard/projects/SAMutator/src/test/java/codetoanalyze/java/lithorequiredprops/RequiredProps.java:202: error: package Component does not exist
    Component.Builder builder = mMyComponent.create().prop1(new Object()).prop3(new Object());
             ^
/home/vanguard/projects/SAMutator/src/test/java/codetoanalyze/java/lithorequiredprops/RequiredProps.java:207: error: package MyComponent does not exist
    MyComponent.Builder builder1 = mMyComponent.create();
               ^
/home/vanguard/projects/SAMutator/src/test/java/codetoanalyze/java/lithorequiredprops/RequiredProps.java:208: error: package Component does not exist
    Component.Builder builder2 = (Component.Builder) builder1.prop1(new Object());
             ^
/home/vanguard/projects/SAMutator/src/test/java/codetoanalyze/java/lithorequiredprops/RequiredProps.java:208: error: package Component does not exist
    Component.Builder builder2 = (Component.Builder) builder1.prop1(new Object());
                                           ^
/home/vanguard/projects/SAMutator/src/test/java/codetoanalyze/java/lithorequiredprops/RequiredProps.java:215: error: package Column does not exist
    Column.Builder builder = Column.create();
          ^
/home/vanguard/projects/SAMutator/src/test/java/codetoanalyze/java/lithorequiredprops/RequiredProps.java:215: error: cannot find symbol
    Column.Builder builder = Column.create();
                             ^
  symbol:   variable Column
  location: class RequiredProps
/home/vanguard/projects/SAMutator/src/test/java/codetoanalyze/java/lithorequiredprops/RequiredProps.java:216: error: package Component does not exist
    Component.Builder childBuilder = mMyComponent.create().prop1(new Object());
             ^
/home/vanguard/projects/SAMutator/src/test/java/codetoanalyze/java/lithorequiredprops/RequiredProps.java:230: error: package Column does not exist
    Column.Builder builder = Column.create();
          ^
/home/vanguard/projects/SAMutator/src/test/java/codetoanalyze/java/lithorequiredprops/RequiredProps.java:230: error: cannot find symbol
    Column.Builder builder = Column.create();
                             ^
  symbol:   variable Column
  location: class RequiredProps
/home/vanguard/projects/SAMutator/src/test/java/codetoanalyze/java/lithorequiredprops/RequiredProps.java:235: error: package Column does not exist
    Column.Builder builder = Column.create();
          ^
/home/vanguard/projects/SAMutator/src/test/java/codetoanalyze/java/lithorequiredprops/RequiredProps.java:235: error: cannot find symbol
    Column.Builder builder = Column.create();
                             ^
  symbol:   variable Column
  location: class RequiredProps
/home/vanguard/projects/SAMutator/src/test/java/codetoanalyze/java/lithorequiredprops/RequiredProps.java:240: error: cannot find symbol
    return Column.create()
           ^
  symbol:   variable Column
  location: class RequiredProps
/home/vanguard/projects/SAMutator/src/test/java/codetoanalyze/java/lithorequiredprops/RequiredProps.java:286: error: package ResPropComponent does not exist
    ResPropComponent.Builder builder = mResPropComponent.create();
                    ^
/home/vanguard/projects/SAMutator/src/test/java/codetoanalyze/java/lithorequiredprops/RequiredProps.java:296: error: package ResPropComponent does not exist
    ResPropComponent.Builder builder = mResPropComponent.create();
                    ^
[loading /modules/java.base/java/util/Collection.class]
/home/vanguard/projects/SAMutator/src/test/java/codetoanalyze/java/lithorequiredprops/RequiredProps.java:330: error: cannot find symbol
    Column.create()
    ^
  symbol:   variable Column
  location: class RequiredProps
/home/vanguard/projects/SAMutator/src/test/java/codetoanalyze/java/lithorequiredprops/RequiredProps.java:336: error: package Component does not exist
    Component.Builder layoutBuilder =
             ^
/home/vanguard/projects/SAMutator/src/test/java/codetoanalyze/java/lithorequiredprops/RequiredProps.java:342: error: package Component does not exist
    Component.Builder builder = mMyLithoComponent.create();
             ^
/home/vanguard/projects/SAMutator/src/test/java/codetoanalyze/java/lithorequiredprops/RequiredProps.java:343: error: package MyComponent does not exist
    if (builder instanceof MyComponent.Builder)
                                      ^
/home/vanguard/projects/SAMutator/src/test/java/codetoanalyze/java/lithorequiredprops/RequiredProps.java:344: error: package MyComponent does not exist
      ((MyComponent.Builder) builder)
                   ^
/home/vanguard/projects/SAMutator/src/test/java/codetoanalyze/java/lithorequiredprops/RequiredProps.java:349: error: package Component does not exist
    Component.Builder builder = mMyLithoComponent.create().prop1(new Object()).prop2(new Object());
             ^
/home/vanguard/projects/SAMutator/src/test/java/codetoanalyze/java/lithorequiredprops/RequiredProps.java:350: error: package MyLithoComponent does not exist
    if (builder instanceof MyLithoComponent.Builder)
                                           ^
/home/vanguard/projects/SAMutator/src/test/java/codetoanalyze/java/lithorequiredprops/RequiredProps.java:351: error: package MyLithoComponent does not exist
      ((MyLithoComponent.Builder) builder).build(); // this branch will be taken
                        ^
/home/vanguard/projects/SAMutator/src/test/java/codetoanalyze/java/lithorequiredprops/RequiredProps.java:359: error: package Component does not exist
    Component.Builder builder = createBuilder();
             ^
/home/vanguard/projects/SAMutator/src/test/java/codetoanalyze/java/lithorequiredprops/RequiredProps.java:360: error: package MyLithoComponent does not exist
    if (builder instanceof MyLithoComponent.Builder)
                                           ^
/home/vanguard/projects/SAMutator/src/test/java/codetoanalyze/java/lithorequiredprops/RequiredProps.java:361: error: package MyLithoComponent does not exist
      ((MyLithoComponent.Builder) builder).prop2(new Object()).build(); // this branch will be taken
                        ^
/home/vanguard/projects/SAMutator/src/test/java/codetoanalyze/java/lithorequiredprops/RequiredProps.java:365: error: package Component does not exist
    Component.Builder builder = mMyComponent.create();
             ^
/home/vanguard/projects/SAMutator/src/test/java/codetoanalyze/java/lithorequiredprops/RequiredProps.java:366: error: package MyLithoComponent does not exist
    ((MyLithoComponent.Builder) builder).prop1(new Object()).prop2(new Object()).build();
                      ^
/home/vanguard/projects/SAMutator/src/test/java/codetoanalyze/java/lithorequiredprops/RequiredProps.java:387: error: package MyLithoComponent does not exist
    MyLithoComponent.Builder builder =
                    ^
/home/vanguard/projects/SAMutator/src/test/java/codetoanalyze/java/lithorequiredprops/RequiredProps.java:395: error: package MyComponent does not exist
    MyComponent.Builder builder = mMyComponent.create();
               ^
/home/vanguard/projects/SAMutator/src/test/java/codetoanalyze/java/lithorequiredprops/RequiredProps.java:405: error: package Component does not exist
    Component.Builder builder =
             ^
/home/vanguard/projects/SAMutator/src/test/java/codetoanalyze/java/lithorequiredprops/RequiredProps.java:413: error: package Component does not exist
    Component.Builder builder =
             ^
/home/vanguard/projects/SAMutator/src/test/java/codetoanalyze/java/lithorequiredprops/RequiredProps.java:421: error: package Component does not exist
    Component.Builder builder =
             ^
[total 292ms]
100 errors
