[67718][      debug] Loading models took 65.465ms
[67719][      debug] Sqlite write daemon: starting up
[67719][      debug] Sqlite write daemon: set up complete, waiting for connections
[67718][environment] CWD = /home/vanguard/projects/SAMutator/scripts
[67718][environment] No .inferconfig file found
[67718][environment] Project root = /home/vanguard/projects/SAMutator/scripts
[67718][environment] INFER_ARGS =   @/tmp/args.tmp.48e4a5
[67718][environment] command line arguments:   /home/vanguard/bin/infer/bin/infer run -o
[67718][environment]                           /home/vanguard/projects/SAMutator/scripts/infer_output/ExternalSpecs
[67718][environment]                           -- javac -cp
[67718][environment]                           .:/home/vanguard/projects/SAMutator/tools/Infer_Dependency/javax.inject.jar:/home/vanguard/projects/SAMutator/tools/Infer_Dependency/guava-23.0.jar:/home/vanguard/projects/SAMutator/tools/Infer_Dependency/android-support-v4.jar:/home/vanguard/projects/SAMutator/tools/Infer_Dependency/jsr305-src.jar:/home/vanguard/projects/SAMutator/tools/Infer_Dependency/kotlin-annotations-jvm-1.3.72.jar:/home/vanguard/projects/SAMutator/tools/Infer_Dependency/collection-1.1.0.jar:/home/vanguard/projects/SAMutator/tools/Infer_Dependency/jsr305.jar:/home/vanguard/projects/SAMutator/tools/Infer_Dependency/jackson-2.2.3.jar:/home/vanguard/projects/SAMutator/tools/Infer_Dependency/android-23.jar:/home/vanguard/projects/SAMutator/tools/Infer_Dependency/tools.jar
[67718][environment]                           /home/vanguard/projects/SAMutator/src/test/java/codetoanalyze/java/quandary/ExternalSpecs.java
[67718][environment] Available memory at startup: 25095 MB
[67718][environment] Active checkers: self-in-block (C/C++/ObjC), starvation (C/C++/ObjC, Java), uninit (C/C++/ObjC), siof (C/C++/ObjC), dotnet-resource-leak (C#/.Net), racerd (C/C++/ObjC, Java), liveness (C/C++/ObjC), inefficient-keyset-iterator (Java), fragment-retains-view (Java), biabduction (C/C++/ObjC, Java, C#/.Net)
[67718][environment] Scheduler: file
[67718][environment] Cores used: 10
[67718][environment] Infer version v1.1.0
[67718][environment] Copyright 2009 - present Facebook. All Rights Reserved.
[67718][environment] 
[67718][   progress] Capturing in javac mode...
[67718][      debug] Current working directory: '/home/vanguard/projects/SAMutator/scripts'
[67718][      debug] Trying to execute: javac '-J-Duser.language=en' '@/home/vanguard/projects/SAMutator/scripts/infer_output/ExternalSpecs/tmp/javac_args.tmp.cd53dc' 2>'/home/vanguard/projects/SAMutator/scripts/infer_output/ExternalSpecs/tmp/javac.tmp.de2f37.out'
[67718][      debug] *** Failed: exited with code 1!
[67718][      debug] 
[67718][      debug] Trying to execute: javac '@/home/vanguard/projects/SAMutator/scripts/infer_output/ExternalSpecs/tmp/javac_args.tmp.cd53dc' 2>'/home/vanguard/projects/SAMutator/scripts/infer_output/ExternalSpecs/tmp/javac.tmp.de2f37.out'
[67718][   user err] 
*** Failed to execute compilation command: exited with code 1
*** Command: javac '@/home/vanguard/projects/SAMutator/scripts/infer_output/ExternalSpecs/tmp/javac_args.tmp.cd53dc'
*** Output:
[parsing started SimpleFileObject[/home/vanguard/projects/SAMutator/src/test/java/codetoanalyze/java/quandary/ExternalSpecs.java]]
[parsing completed 11ms]
[loading /modules/java.management/module-info.class]
[loading /modules/java.prefs/module-info.class]
[loading /modules/jdk.hotspot.agent/module-info.class]
[loading /modules/java.desktop/module-info.class]
[loading /modules/jdk.jshell/module-info.class]
[loading /modules/jdk.dynalink/module-info.class]
[loading /modules/java.security.sasl/module-info.class]
[loading /modules/jdk.pack/module-info.class]
[loading /modules/java.sql.rowset/module-info.class]
[loading /modules/jdk.internal.vm.compiler.management/module-info.class]
[loading /modules/jdk.jdi/module-info.class]
[loading /modules/jdk.editpad/module-info.class]
[loading /modules/java.logging/module-info.class]
[loading /modules/jdk.unsupported/module-info.class]
[loading /modules/jdk.naming.ldap/module-info.class]
[loading /modules/jdk.security.auth/module-info.class]
[loading /modules/jdk.internal.vm.ci/module-info.class]
[loading /modules/java.xml.crypto/module-info.class]
[loading /modules/java.naming/module-info.class]
[loading /modules/jdk.httpserver/module-info.class]
[loading /modules/java.scripting/module-info.class]
[loading /modules/jdk.zipfs/module-info.class]
[loading /modules/jdk.jlink/module-info.class]
[loading /modules/jdk.jdeps/module-info.class]
[loading /modules/jdk.crypto.cryptoki/module-info.class]
[loading /modules/jdk.crypto.ec/module-info.class]
[loading /modules/jdk.jcmd/module-info.class]
[loading /modules/jdk.attach/module-info.class]
[loading /modules/jdk.unsupported.desktop/module-info.class]
[loading /modules/java.se/module-info.class]
[loading /modules/jdk.internal.ed/module-info.class]
[loading /modules/java.compiler/module-info.class]
[loading /modules/jdk.jsobject/module-info.class]
[loading /modules/jdk.charsets/module-info.class]
[loading /modules/jdk.jfr/module-info.class]
[loading /modules/jdk.internal.vm.compiler/module-info.class]
[loading /modules/java.management.rmi/module-info.class]
[loading /modules/jdk.jconsole/module-info.class]
[loading /modules/java.security.jgss/module-info.class]
[loading /modules/jdk.jartool/module-info.class]
[loading /modules/jdk.jstatd/module-info.class]
[loading /modules/jdk.naming.dns/module-info.class]
[loading /modules/java.base/module-info.class]
[loading /modules/jdk.internal.opt/module-info.class]
[loading /modules/jdk.javadoc/module-info.class]
[loading /modules/jdk.scripting.nashorn/module-info.class]
[loading /modules/jdk.internal.le/module-info.class]
[loading /modules/java.net.http/module-info.class]
[loading /modules/jdk.internal.jvmstat/module-info.class]
[loading /modules/java.datatransfer/module-info.class]
[loading /modules/jdk.scripting.nashorn.shell/module-info.class]
[loading /modules/java.rmi/module-info.class]
[loading /modules/jdk.rmic/module-info.class]
[loading /modules/jdk.management.jfr/module-info.class]
[loading /modules/jdk.jdwp.agent/module-info.class]
[loading /modules/jdk.accessibility/module-info.class]
[loading /modules/jdk.management.agent/module-info.class]
[loading /modules/jdk.sctp/module-info.class]
[loading /modules/java.sql/module-info.class]
[loading /modules/jdk.management/module-info.class]
[loading /modules/jdk.naming.rmi/module-info.class]
[loading /modules/java.xml/module-info.class]
[loading /modules/jdk.xml.dom/module-info.class]
[loading /modules/jdk.compiler/module-info.class]
[loading /modules/jdk.net/module-info.class]
[loading /modules/jdk.localedata/module-info.class]
[loading /modules/jdk.security.jgss/module-info.class]
[loading /modules/java.transaction.xa/module-info.class]
[loading /modules/java.instrument/module-info.class]
[loading /modules/java.smartcardio/module-info.class]
[loading /modules/jdk.aot/module-info.class]
[search path for source files: .,/home/vanguard/projects/SAMutator/tools/Infer_Dependency/javax.inject.jar,/home/vanguard/projects/SAMutator/tools/Infer_Dependency/guava-23.0.jar,/home/vanguard/projects/SAMutator/tools/Infer_Dependency/android-support-v4.jar,/home/vanguard/projects/SAMutator/tools/Infer_Dependency/jsr305-src.jar,/home/vanguard/projects/SAMutator/tools/Infer_Dependency/kotlin-annotations-jvm-1.3.72.jar,/home/vanguard/projects/SAMutator/tools/Infer_Dependency/collection-1.1.0.jar,/home/vanguard/projects/SAMutator/tools/Infer_Dependency/jsr305.jar,/home/vanguard/projects/SAMutator/tools/Infer_Dependency/jackson-2.2.3.jar,/home/vanguard/projects/SAMutator/tools/Infer_Dependency/android-23.jar,/home/vanguard/projects/SAMutator/tools/Infer_Dependency/tools.jar]
[search path for class files: /home/vanguard/bin/jdk/jdk-11.0.12/lib/modules,.,/home/vanguard/projects/SAMutator/tools/Infer_Dependency/javax.inject.jar,/home/vanguard/projects/SAMutator/tools/Infer_Dependency/guava-23.0.jar,/home/vanguard/projects/SAMutator/tools/Infer_Dependency/android-support-v4.jar,/home/vanguard/projects/SAMutator/tools/Infer_Dependency/jsr305-src.jar,/home/vanguard/projects/SAMutator/tools/Infer_Dependency/kotlin-annotations-jvm-1.3.72.jar,/home/vanguard/projects/SAMutator/tools/Infer_Dependency/collection-1.1.0.jar,/home/vanguard/projects/SAMutator/tools/Infer_Dependency/jsr305.jar,/home/vanguard/projects/SAMutator/tools/Infer_Dependency/jackson-2.2.3.jar,/home/vanguard/projects/SAMutator/tools/Infer_Dependency/android-23.jar,/home/vanguard/projects/SAMutator/tools/Infer_Dependency/tools.jar]
[loading /home/vanguard/projects/SAMutator/tools/Infer_Dependency/android-23.jar(/android/app/Activity.class)]
[loading /home/vanguard/projects/SAMutator/tools/Infer_Dependency/android-23.jar(/android/content/Intent.class)]
[loading /home/vanguard/projects/SAMutator/tools/Infer_Dependency/android-23.jar(/android/util/Log.class)]
/home/vanguard/projects/SAMutator/src/test/java/codetoanalyze/java/quandary/ExternalSpecs.java:13: error: cannot find symbol
import codetoanalyze.java.InferTaint;
                         ^
  symbol:   class InferTaint
  location: package codetoanalyze.java
[loading /modules/java.base/java/lang/Object.class]
[loading /modules/java.base/java/lang/Deprecated.class]
[loading /modules/java.base/java/lang/Override.class]
[loading /modules/java.base/java/lang/annotation/Annotation.class]
[loading /modules/java.base/java/lang/annotation/Retention.class]
[loading /modules/java.base/java/lang/annotation/RetentionPolicy.class]
[loading /modules/java.base/java/lang/annotation/Target.class]
[loading /modules/java.base/java/lang/annotation/ElementType.class]
[checking codetoanalyze.java.quandary.ExternalSpecs]
[loading /modules/java.base/java/io/Serializable.class]
[loading /modules/java.base/java/lang/AutoCloseable.class]
[loading /modules/java.base/java/lang/String.class]
[loading /home/vanguard/projects/SAMutator/tools/Infer_Dependency/android-23.jar(/android/view/LayoutInflater.class)]
[loading /home/vanguard/projects/SAMutator/tools/Infer_Dependency/android-23.jar(/android/view/LayoutInflater$Factory2.class)]
[loading /home/vanguard/projects/SAMutator/tools/Infer_Dependency/android-23.jar(/android/view/LayoutInflater$Factory.class)]
[loading /home/vanguard/projects/SAMutator/tools/Infer_Dependency/android-23.jar(/android/view/Window.class)]
[loading /home/vanguard/projects/SAMutator/tools/Infer_Dependency/android-23.jar(/android/view/Window$Callback.class)]
[loading /home/vanguard/projects/SAMutator/tools/Infer_Dependency/android-23.jar(/android/view/KeyEvent.class)]
[loading /home/vanguard/projects/SAMutator/tools/Infer_Dependency/android-23.jar(/android/view/KeyEvent$Callback.class)]
[loading /home/vanguard/projects/SAMutator/tools/Infer_Dependency/android-23.jar(/android/view/View.class)]
[loading /home/vanguard/projects/SAMutator/tools/Infer_Dependency/android-23.jar(/android/view/View$OnCreateContextMenuListener.class)]
[loading /home/vanguard/projects/SAMutator/tools/Infer_Dependency/android-23.jar(/android/view/ViewDebug.class)]
[loading /home/vanguard/projects/SAMutator/tools/Infer_Dependency/android-23.jar(/android/view/ViewDebug$ExportedProperty.class)]
[loading /home/vanguard/projects/SAMutator/tools/Infer_Dependency/android-23.jar(/android/view/ViewDebug$IntToString.class)]
[loading /home/vanguard/projects/SAMutator/tools/Infer_Dependency/android-23.jar(/android/view/ViewDebug$FlagToString.class)]
[loading /home/vanguard/projects/SAMutator/tools/Infer_Dependency/android-23.jar(/android/content/ComponentCallbacks2.class)]
[loading /home/vanguard/projects/SAMutator/tools/Infer_Dependency/android-23.jar(/android/content/ComponentCallbacks.class)]
[loading /home/vanguard/projects/SAMutator/tools/Infer_Dependency/android-23.jar(/android/view/ContextThemeWrapper.class)]
[loading /home/vanguard/projects/SAMutator/tools/Infer_Dependency/android-23.jar(/android/content/ContextWrapper.class)]
[loading /home/vanguard/projects/SAMutator/tools/Infer_Dependency/android-23.jar(/android/content/Context.class)]
/home/vanguard/projects/SAMutator/src/test/java/codetoanalyze/java/quandary/ExternalSpecs.java:71: error: cannot find symbol
    Object source = InferTaint.inferSecretSource();
                    ^
  symbol:   variable InferTaint
  location: class ExternalSpecs
/home/vanguard/projects/SAMutator/src/test/java/codetoanalyze/java/quandary/ExternalSpecs.java:73: error: cannot find symbol
    InferTaint.inferSensitiveSink(sanitized);
    ^
  symbol:   variable InferTaint
  location: class ExternalSpecs
/home/vanguard/projects/SAMutator/src/test/java/codetoanalyze/java/quandary/ExternalSpecs.java:78: error: cannot find symbol
    InferTaint.inferSensitiveSink(sanitized);
    ^
  symbol:   variable InferTaint
  location: class ExternalSpecs
/home/vanguard/projects/SAMutator/src/test/java/codetoanalyze/java/quandary/ExternalSpecs.java:82: error: cannot find symbol
    sanitizeFootprint(InferTaint.inferSecretSource());
                      ^
  symbol:   variable InferTaint
  location: class ExternalSpecs
/home/vanguard/projects/SAMutator/src/test/java/codetoanalyze/java/quandary/ExternalSpecs.java:86: error: cannot find symbol
    Object source = InferTaint.inferSecretSource();
                    ^
  symbol:   variable InferTaint
  location: class ExternalSpecs
/home/vanguard/projects/SAMutator/src/test/java/codetoanalyze/java/quandary/ExternalSpecs.java:91: error: cannot find symbol
    InferTaint.inferSensitiveSink(returnSanitizedSource());
    ^
  symbol:   variable InferTaint
  location: class ExternalSpecs
/home/vanguard/projects/SAMutator/src/test/java/codetoanalyze/java/quandary/ExternalSpecs.java:95: error: cannot find symbol
    Object source = InferTaint.inferSecretSource();
                    ^
  symbol:   variable InferTaint
  location: class ExternalSpecs
/home/vanguard/projects/SAMutator/src/test/java/codetoanalyze/java/quandary/ExternalSpecs.java:97: error: cannot find symbol
    InferTaint.inferSensitiveSink(source);
    ^
  symbol:   variable InferTaint
  location: class ExternalSpecs
/home/vanguard/projects/SAMutator/src/test/java/codetoanalyze/java/quandary/ExternalSpecs.java:102: error: cannot find symbol
    Object source = InferTaint.inferSecretSource();
                    ^
  symbol:   variable InferTaint
  location: class ExternalSpecs
/home/vanguard/projects/SAMutator/src/test/java/codetoanalyze/java/quandary/ExternalSpecs.java:109: error: cannot find symbol
    InferTaint.inferSensitiveSink(o);
    ^
  symbol:   variable InferTaint
  location: class ExternalSpecs
/home/vanguard/projects/SAMutator/src/test/java/codetoanalyze/java/quandary/ExternalSpecs.java:121: error: cannot find symbol
    Object source = InferTaint.inferSecretSource();
                    ^
  symbol:   variable InferTaint
  location: class ExternalSpecs
/home/vanguard/projects/SAMutator/src/test/java/codetoanalyze/java/quandary/ExternalSpecs.java:123: error: cannot find symbol
    InferTaint.inferSensitiveSink(o);
    ^
  symbol:   variable InferTaint
  location: class ExternalSpecs
/home/vanguard/projects/SAMutator/src/test/java/codetoanalyze/java/quandary/ExternalSpecs.java:143: error: cannot find symbol
    Object source = InferTaint.inferSecretSource();
                    ^
  symbol:   variable InferTaint
  location: class ExternalSpecs
[checking codetoanalyze.java.quandary.InterfaceSpec]
[checking codetoanalyze.java.quandary.InterfaceSpecImpl]
[checking codetoanalyze.java.quandary.ConstructorSink]
/home/vanguard/projects/SAMutator/src/test/java/codetoanalyze/java/quandary/ExternalSpecs.java:179: error: cannot find symbol
    Object source = InferTaint.inferSecretSource();
                    ^
  symbol:   variable InferTaint
  location: class ConstructorSink
[total 194ms]
15 errors

*** Infer needs a working compilation command to run.

[67718][   user err] Raised at Stdlib__buffer.add_channel in file "buffer.ml", line 273, characters 18-35
Called from Stdio__In_channel.input_all.loop in file "src/in_channel.ml", line 44, characters 4-47
Called from Stdio__In_channel.input_all in file "src/in_channel.ml", line 47, characters 6-13

[67719][      debug] Sqlite write daemon: terminating
